#
# There is insufficient memory for the Java Runtime Environment to continue.
# Native memory allocation (mmap) failed to map 65536 bytes for Failed to commit metaspace.
# Possible reasons:
#   The system is out of physical RAM or swap space
#   The process is running with CompressedOops enabled, and the Java Heap may be blocking the growth of the native heap
# Possible solutions:
#   Reduce memory load on the system
#   Increase physical memory or swap space
#   Check if swap backing store is full
#   Decrease Java heap size (-Xmx/-Xms)
#   Decrease number of Java threads
#   Decrease Java thread stack sizes (-Xss)
#   Set larger code cache with -XX:ReservedCodeCacheSize=
#   JVM is running with Unscaled Compressed Oops mode in which the Java heap is
#     placed in the first 4GB address space. The Java Heap base address is the
#     maximum limit for the native heap growth. Please use -XX:HeapBaseMinAddress
#     to set the Java Heap base and to place the Java Heap above 4GB virtual address.
# This output file may be truncated or incomplete.
#
#  Out of Memory Error (virtualSpaceNode.cpp:110), pid=13928, tid=31168
#
# JRE version: OpenJDK Runtime Environment Temurin-17.0.6+10 (17.0.6+10) (build 17.0.6+10)
# Java VM: OpenJDK 64-Bit Server VM Temurin-17.0.6+10 (17.0.6+10, mixed mode, tiered, compressed oops, compressed class ptrs, parallel gc, windows-amd64)
# No core dump will be written. Minidumps are not enabled by default on client versions of Windows
#

---------------  S U M M A R Y ------------

Command Line: --add-modules=ALL-SYSTEM --add-opens=java.base/java.util=ALL-UNNAMED --add-opens=java.base/java.lang=ALL-UNNAMED --add-opens=java.base/sun.nio.fs=ALL-UNNAMED -Declipse.application=org.eclipse.jdt.ls.core.id1 -Dosgi.bundles.defaultStartLevel=4 -Declipse.product=org.eclipse.jdt.ls.core.product -Djava.import.generatesMetadataFilesAtProjectRoot=false -Dfile.encoding=utf8 -XX:+UseParallelGC -XX:GCTimeRatio=4 -XX:AdaptiveSizePolicyWeight=90 -Dsun.zip.disableMemoryMapping=true -Xmx1G -Xms100m -Xlog:disable -javaagent:c:\Users\reymy\.vscode\extensions\redhat.java-1.16.0-win32-x64\lombok\lombok-1.18.24.jar -XX:+HeapDumpOnOutOfMemoryError -XX:HeapDumpPath=c:\Users\reymy\AppData\Roaming\Code\User\workspaceStorage\9c20e6c94428f24b6a4ffd469f21ce1a\redhat.java c:\Users\reymy\.vscode\extensions\redhat.java-1.16.0-win32-x64\server\plugins\org.eclipse.equinox.launcher_1.6.400.v20210924-0641.jar -configuration c:\Users\reymy\AppData\Roaming\Code\User\globalStorage\redhat.java\1.16.0\config_win -data c:\Users\reymy\AppData\Roaming\Code\User\workspaceStorage\9c20e6c94428f24b6a4ffd469f21ce1a\redhat.java\jdt_ws

Host: Intel(R) Core(TM) i7-8565U CPU @ 1.80GHz, 8 cores, 15G,  Windows 11 , 64 bit Build 22000 (10.0.22000.1335)
Time: Mon Mar 27 12:08:29 2023 AUS Eastern Daylight Time elapsed time: 5.138313 seconds (0d 0h 0m 5s)

---------------  T H R E A D  ---------------

Current thread (0x00000202d8b40e50):  JavaThread "Start Level: Equinox Container: 591519ad-de2d-4bf8-9359-fc21aef48447" daemon [_thread_in_vm, id=31168, stack(0x000000ff7e200000,0x000000ff7e300000)]

Stack: [0x000000ff7e200000,0x000000ff7e300000]
Native frames: (J=compiled Java code, j=interpreted, Vv=VM code, C=native code)
V  [jvm.dll+0x67741a]
V  [jvm.dll+0x834434]
V  [jvm.dll+0x835bde]
V  [jvm.dll+0x836243]
V  [jvm.dll+0x2457b5]
V  [jvm.dll+0x8304cb]
V  [jvm.dll+0x61bca6]
V  [jvm.dll+0x61bd0a]
V  [jvm.dll+0x61e52a]
V  [jvm.dll+0x61c646]
V  [jvm.dll+0x23b327]
V  [jvm.dll+0x1e6093]
V  [jvm.dll+0x1eae36]
V  [jvm.dll+0x1e0841]
V  [jvm.dll+0x53c6d0]
V  [jvm.dll+0x1f1017]
V  [jvm.dll+0x7aea1b]
V  [jvm.dll+0x7afdc2]
V  [jvm.dll+0x7b0559]
V  [jvm.dll+0x1eb654]
V  [jvm.dll+0x1e085a]
V  [jvm.dll+0x53c6d0]
V  [jvm.dll+0x1f1017]
V  [jvm.dll+0x7aea1b]
V  [jvm.dll+0x7afdc2]
V  [jvm.dll+0x7b00f8]
V  [jvm.dll+0x413078]
C  [java.dll+0x13e9]

Java frames: (J=compiled Java code, j=interpreted, Vv=VM code)
j  java.lang.Class.forName0(Ljava/lang/String;ZLjava/lang/ClassLoader;Ljava/lang/Class;)Ljava/lang/Class;+0 java.base@17.0.6
j  java.lang.Class.forName(Ljava/lang/String;)Ljava/lang/Class;+11 java.base@17.0.6
j  sun.util.locale.provider.LocaleProviderAdapter.forType(Lsun/util/locale/provider/LocaleProviderAdapter$Type;)Lsun/util/locale/provider/LocaleProviderAdapter;+65 java.base@17.0.6
j  sun.util.locale.provider.LocaleProviderAdapter.findAdapter(Ljava/lang/Class;Ljava/util/Locale;)Lsun/util/locale/provider/LocaleProviderAdapter;+29 java.base@17.0.6
j  sun.util.locale.provider.LocaleProviderAdapter.getAdapter(Ljava/lang/Class;Ljava/util/Locale;)Lsun/util/locale/provider/LocaleProviderAdapter;+55 java.base@17.0.6
j  java.util.Calendar.createCalendar(Ljava/util/TimeZone;Ljava/util/Locale;)Ljava/util/Calendar;+4 java.base@17.0.6
j  java.util.Calendar.getInstance(Ljava/util/Locale;)Ljava/util/Calendar;+5 java.base@17.0.6
j  java.text.SimpleDateFormat.initializeCalendar(Ljava/util/Locale;)V+27 java.base@17.0.6
j  java.text.SimpleDateFormat.<init>(Ljava/lang/String;Ljava/util/Locale;)V+43 java.base@17.0.6
j  java.text.SimpleDateFormat.<init>(Ljava/lang/String;)V+8 java.base@17.0.6
j  org.eclipse.osgi.internal.debug.EclipseDebugTrace.<clinit>()V+6
v  ~StubRoutines::call_stub
j  org.eclipse.osgi.internal.debug.FrameworkDebugOptions.newDebugTrace(Ljava/lang/String;Ljava/lang/Class;)Lorg/eclipse/osgi/service/debug/DebugTrace;+28
j  org.eclipse.osgi.internal.debug.FrameworkDebugOptions.newDebugTrace(Ljava/lang/String;)Lorg/eclipse/osgi/service/debug/DebugTrace;+3
j  org.eclipse.core.internal.utils.Policy$1.optionsChanged(Lorg/eclipse/osgi/service/debug/DebugOptions;)V+3
j  org.eclipse.osgi.internal.debug.FrameworkDebugOptions.addingService(Lorg/osgi/framework/ServiceReference;)Lorg/eclipse/osgi/service/debug/DebugOptionsListener;+16
j  org.eclipse.osgi.internal.debug.FrameworkDebugOptions.addingService(Lorg/osgi/framework/ServiceReference;)Ljava/lang/Object;+5
j  org.osgi.util.tracker.ServiceTracker$Tracked.customizerAdding(Lorg/osgi/framework/ServiceReference;Lorg/osgi/framework/ServiceEvent;)Ljava/lang/Object;+8
j  org.osgi.util.tracker.ServiceTracker$Tracked.customizerAdding(Ljava/lang/Object;Ljava/lang/Object;)Ljava/lang/Object;+9
j  org.osgi.util.tracker.AbstractTracked.trackAdding(Ljava/lang/Object;Ljava/lang/Object;)V+8
j  org.osgi.util.tracker.AbstractTracked.track(Ljava/lang/Object;Ljava/lang/Object;)V+83
j  org.osgi.util.tracker.ServiceTracker$Tracked.serviceChanged(Lorg/osgi/framework/ServiceEvent;)V+67
J 1560 c1 org.eclipse.osgi.internal.serviceregistry.FilteredServiceListener.serviceChanged(Lorg/osgi/framework/ServiceEvent;)V (284 bytes) @ 0x00000202c4a77334 [0x00000202c4a75060+0x00000000000022d4]
J 1546 c1 org.eclipse.osgi.internal.framework.BundleContextImpl.dispatchEvent(Ljava/lang/Object;Ljava/lang/Object;ILjava/lang/Object;)V (558 bytes) @ 0x00000202c4a67bec [0x00000202c4a64b20+0x00000000000030cc]
J 1912 c1 org.eclipse.osgi.framework.eventmgr.EventManager.dispatchEvent(Ljava/util/Set;Lorg/eclipse/osgi/framework/eventmgr/EventDispatcher;ILjava/lang/Object;)V (69 bytes) @ 0x00000202c4b325f4 [0x00000202c4b32120+0x00000000000004d4]
j  org.eclipse.osgi.framework.eventmgr.ListenerQueue.dispatchEventSynchronous(ILjava/lang/Object;)V+67
j  org.eclipse.osgi.internal.serviceregistry.ServiceRegistry.publishServiceEventPrivileged(Lorg/osgi/framework/ServiceEvent;)V+320
j  org.eclipse.osgi.internal.serviceregistry.ServiceRegistry.publishServiceEvent(Lorg/osgi/framework/ServiceEvent;)V+8
j  org.eclipse.osgi.internal.serviceregistry.ServiceRegistrationImpl.register(Ljava/util/Dictionary;)V+128
j  org.eclipse.osgi.internal.serviceregistry.ServiceRegistry.registerService(Lorg/eclipse/osgi/internal/framework/BundleContextImpl;[Ljava/lang/String;Ljava/lang/Object;Ljava/util/Dictionary;)Lorg/eclipse/osgi/internal/serviceregistry/ServiceRegistrationImpl;+298
j  org.eclipse.osgi.internal.framework.BundleContextImpl.registerService([Ljava/lang/String;Ljava/lang/Object;Ljava/util/Dictionary;)Lorg/osgi/framework/ServiceRegistration;+15
j  org.eclipse.osgi.internal.framework.BundleContextImpl.registerService(Ljava/lang/String;Ljava/lang/Object;Ljava/util/Dictionary;)Lorg/osgi/framework/ServiceRegistration;+15
j  org.eclipse.osgi.internal.framework.BundleContextImpl.registerService(Ljava/lang/Class;Ljava/lang/Object;Ljava/util/Dictionary;)Lorg/osgi/framework/ServiceRegistration;+7
j  org.eclipse.core.resources.ResourcesPlugin.start(Lorg/osgi/framework/BundleContext;)V+46
j  org.eclipse.osgi.internal.framework.BundleContextImpl$2.run()Ljava/lang/Void;+23
j  org.eclipse.osgi.internal.framework.BundleContextImpl$2.run()Ljava/lang/Object;+1
J 1250 c1 java.security.AccessController.executePrivileged(Ljava/security/PrivilegedExceptionAction;Ljava/security/AccessControlContext;Ljava/lang/Class;)Ljava/lang/Object; java.base@17.0.6 (65 bytes) @ 0x00000202c49b6e34 [0x00000202c49b6ce0+0x0000000000000154]
j  java.security.AccessController.doPrivileged(Ljava/security/PrivilegedExceptionAction;)Ljava/lang/Object;+9 java.base@17.0.6
j  org.eclipse.osgi.internal.framework.BundleContextImpl.startActivator(Lorg/osgi/framework/BundleActivator;)V+9
j  org.eclipse.osgi.internal.framework.BundleContextImpl.start()V+134
j  org.eclipse.osgi.internal.framework.EquinoxBundle.startWorker0()V+35
j  org.eclipse.osgi.internal.framework.EquinoxBundle$EquinoxModule.startWorker()V+4
j  org.eclipse.osgi.container.Module.doStart([Lorg/eclipse/osgi/container/Module$StartOptions;)Lorg/eclipse/osgi/container/ModuleContainerAdaptor$ModuleEvent;+190
j  org.eclipse.osgi.container.Module.start([Lorg/eclipse/osgi/container/Module$StartOptions;)V+460
j  org.eclipse.osgi.framework.util.SecureAction.start(Lorg/eclipse/osgi/container/Module;[Lorg/eclipse/osgi/container/Module$StartOptions;)V+8
J 1973 c1 org.eclipse.osgi.internal.hooks.EclipseLazyStarter.postFindLocalClass(Ljava/lang/String;Ljava/lang/Class;Lorg/eclipse/osgi/internal/loader/classpath/ClasspathManager;)V (394 bytes) @ 0x00000202c4b4d85c [0x00000202c4b4c8e0+0x0000000000000f7c]
J 1971 c1 org.eclipse.osgi.internal.loader.classpath.ClasspathManager.findLocalClass(Ljava/lang/String;)Ljava/lang/Class; (210 bytes) @ 0x00000202c4b4b054 [0x00000202c4b4a0a0+0x0000000000000fb4]
J 1747 c1 org.eclipse.osgi.internal.loader.BundleLoader.findLocalClass(Ljava/lang/String;)Ljava/lang/Class; (152 bytes) @ 0x00000202c4ac9dec [0x00000202c4ac95a0+0x000000000000084c]
J 1679 c1 org.eclipse.osgi.internal.loader.BundleLoader.findClass0(Ljava/lang/String;ZZ)Ljava/lang/Class; (466 bytes) @ 0x00000202c4a9d014 [0x00000202c4a9a920+0x00000000000026f4]
J 1678 c1 org.eclipse.osgi.internal.loader.BundleLoader.findClass(Ljava/lang/String;)Ljava/lang/Class; (8 bytes) @ 0x00000202c4a9a01c [0x00000202c4a99fa0+0x000000000000007c]
J 1680 c1 org.eclipse.osgi.internal.loader.ModuleClassLoader.loadClass(Ljava/lang/String;Z)Ljava/lang/Class; (36 bytes) @ 0x00000202c4aa003c [0x00000202c4a9fe20+0x000000000000021c]
J 797 c1 java.lang.ClassLoader.loadClass(Ljava/lang/String;)Ljava/lang/Class; java.base@17.0.6 (7 bytes) @ 0x00000202c48d40bc [0x00000202c48d3fc0+0x00000000000000fc]
v  ~StubRoutines::call_stub
j  java.lang.Class.getDeclaredConstructors0(Z)[Ljava/lang/reflect/Constructor;+0 java.base@17.0.6
j  java.lang.Class.privateGetDeclaredConstructors(Z)[Ljava/lang/reflect/Constructor;+52 java.base@17.0.6
j  java.lang.Class.getConstructor0([Ljava/lang/Class;I)Ljava/lang/reflect/Constructor;+14 java.base@17.0.6
j  java.lang.Class.getConstructor([Ljava/lang/Class;)Ljava/lang/reflect/Constructor;+24 java.base@17.0.6
j  org.eclipse.osgi.internal.framework.BundleContextImpl.loadBundleActivator()Lorg/osgi/framework/BundleActivator;+105
j  org.eclipse.osgi.internal.framework.BundleContextImpl.start()V+18
j  org.eclipse.osgi.internal.framework.EquinoxBundle.startWorker0()V+35
j  org.eclipse.osgi.internal.framework.EquinoxBundle$EquinoxModule.startWorker()V+4
j  org.eclipse.osgi.container.Module.doStart([Lorg/eclipse/osgi/container/Module$StartOptions;)Lorg/eclipse/osgi/container/ModuleContainerAdaptor$ModuleEvent;+190
j  org.eclipse.osgi.container.Module.start([Lorg/eclipse/osgi/container/Module$StartOptions;)V+460
j  org.eclipse.osgi.container.ModuleContainer$ContainerStartLevel$2.run()V+71
j  org.eclipse.osgi.internal.framework.EquinoxContainerAdaptor$1$1.execute(Ljava/lang/Runnable;)V+1
j  org.eclipse.osgi.container.ModuleContainer$ContainerStartLevel.incStartLevel(ILjava/util/List;Z)V+192
j  org.eclipse.osgi.container.ModuleContainer$ContainerStartLevel.incStartLevel(ILjava/util/List;Ljava/util/List;Ljava/util/List;Ljava/util/List;)V+19
j  org.eclipse.osgi.container.ModuleContainer$ContainerStartLevel.doContainerStartLevel(Lorg/eclipse/osgi/container/Module;I[Lorg/osgi/framework/FrameworkListener;)V+349
j  org.eclipse.osgi.container.ModuleContainer$ContainerStartLevel.dispatchEvent(Lorg/eclipse/osgi/container/Module;[Lorg/osgi/framework/FrameworkListener;ILjava/lang/Integer;)V+32
j  org.eclipse.osgi.container.ModuleContainer$ContainerStartLevel.dispatchEvent(Ljava/lang/Object;Ljava/lang/Object;ILjava/lang/Object;)V+15
j  org.eclipse.osgi.framework.eventmgr.EventManager.dispatchEvent(Ljava/util/Set;Lorg/eclipse/osgi/framework/eventmgr/EventDispatcher;ILjava/lang/Object;)V+48
j  org.eclipse.osgi.framework.eventmgr.EventManager$EventThread.run()V+26
v  ~StubRoutines::call_stub

---------------  P R O C E S S  ---------------

Threads class SMR info:
_java_thread_list=0x00000202d8b35970, length=17, elements={
0x00000202c1b03860, 0x00000202d7423a50, 0x00000202d74246d0, 0x00000202d598d580,
0x00000202d598de40, 0x00000202d598e700, 0x00000202d744a020, 0x00000202d744ac10,
0x00000202d74af310, 0x00000202d74b1fd0, 0x00000202c1bc1120, 0x00000202d83a8070,
0x00000202d83d01d0, 0x00000202d9604db0, 0x00000202d8b40e50, 0x00000202d8ae3230,
0x00000202d95187c0
}

Java Threads: ( => current thread )
  0x00000202c1b03860 JavaThread "main" [_thread_blocked, id=6032, stack(0x000000ff7ca00000,0x000000ff7cb00000)]
  0x00000202d7423a50 JavaThread "Reference Handler" daemon [_thread_blocked, id=31932, stack(0x000000ff7cd00000,0x000000ff7ce00000)]
  0x00000202d74246d0 JavaThread "Finalizer" daemon [_thread_blocked, id=1072, stack(0x000000ff7ce00000,0x000000ff7cf00000)]
  0x00000202d598d580 JavaThread "Signal Dispatcher" daemon [_thread_blocked, id=13044, stack(0x000000ff7cf00000,0x000000ff7d000000)]
  0x00000202d598de40 JavaThread "Attach Listener" daemon [_thread_blocked, id=11736, stack(0x000000ff7d000000,0x000000ff7d100000)]
  0x00000202d598e700 JavaThread "Service Thread" daemon [_thread_blocked, id=30328, stack(0x000000ff7d100000,0x000000ff7d200000)]
  0x00000202d744a020 JavaThread "Monitor Deflation Thread" daemon [_thread_blocked, id=25076, stack(0x000000ff7d200000,0x000000ff7d300000)]
  0x00000202d744ac10 JavaThread "C2 CompilerThread0" daemon [_thread_blocked, id=20676, stack(0x000000ff7d300000,0x000000ff7d400000)]
  0x00000202d74af310 JavaThread "C1 CompilerThread0" daemon [_thread_blocked, id=29848, stack(0x000000ff7d400000,0x000000ff7d500000)]
  0x00000202d74b1fd0 JavaThread "Sweeper thread" daemon [_thread_blocked, id=10712, stack(0x000000ff7d500000,0x000000ff7d600000)]
  0x00000202c1bc1120 JavaThread "Common-Cleaner" daemon [_thread_blocked, id=34800, stack(0x000000ff7d600000,0x000000ff7d700000)]
  0x00000202d83a8070 JavaThread "Notification Thread" daemon [_thread_blocked, id=6472, stack(0x000000ff7d700000,0x000000ff7d800000)]
  0x00000202d83d01d0 JavaThread "Active Thread: Equinox Container: 591519ad-de2d-4bf8-9359-fc21aef48447" [_thread_blocked, id=30992, stack(0x000000ff7e000000,0x000000ff7e100000)]
  0x00000202d9604db0 JavaThread "Framework Event Dispatcher: Equinox Container: 591519ad-de2d-4bf8-9359-fc21aef48447" daemon [_thread_blocked, id=1032, stack(0x000000ff7e100000,0x000000ff7e200000)]
=>0x00000202d8b40e50 JavaThread "Start Level: Equinox Container: 591519ad-de2d-4bf8-9359-fc21aef48447" daemon [_thread_in_vm, id=31168, stack(0x000000ff7e200000,0x000000ff7e300000)]
  0x00000202d8ae3230 JavaThread "SCR Component Actor" daemon [_thread_blocked, id=27552, stack(0x000000ff7df00000,0x000000ff7e000000)]
  0x00000202d95187c0 JavaThread "SCR Component Registry" daemon [_thread_blocked, id=26756, stack(0x000000ff7e400000,0x000000ff7e500000)]

Other Threads:
  0x00000202d7420c20 VMThread "VM Thread" [stack: 0x000000ff7cc00000,0x000000ff7cd00000] [id=13484]
  0x00000202d83a8540 WatcherThread [stack: 0x000000ff7d800000,0x000000ff7d900000] [id=32172]
  0x00000202c1b1ada0 GCTaskThread "GC Thread#0" [stack: 0x000000ff7cb00000,0x000000ff7cc00000] [id=5332]
  0x00000202d9416030 GCTaskThread "GC Thread#1" [stack: 0x000000ff7d900000,0x000000ff7da00000] [id=29532]
  0x00000202d94166f0 GCTaskThread "GC Thread#2" [stack: 0x000000ff7da00000,0x000000ff7db00000] [id=25640]
  0x00000202d94169a0 GCTaskThread "GC Thread#3" [stack: 0x000000ff7db00000,0x000000ff7dc00000] [id=18180]
  0x00000202d9416c50 GCTaskThread "GC Thread#4" [stack: 0x000000ff7dc00000,0x000000ff7dd00000] [id=3500]
  0x00000202d8a22a10 GCTaskThread "GC Thread#5" [stack: 0x000000ff7dd00000,0x000000ff7de00000] [id=9464]
  0x00000202d8a22cc0 GCTaskThread "GC Thread#6" [stack: 0x000000ff7de00000,0x000000ff7df00000] [id=7872]
  0x00000202d95fbbc0 GCTaskThread "GC Thread#7" [stack: 0x000000ff7e300000,0x000000ff7e400000] [id=16004]

Threads with active compile tasks:

VM state: not at safepoint (normal execution)

VM Mutex/Monitor currently owned by a thread:  ([mutex/lock_event])
[0x00000202c1afd720] Metaspace_lock - owner thread: 0x00000202d8b40e50

Heap address: 0x00000000c0000000, size: 1024 MB, Compressed Oops mode: 32-bit

CDS archive(s) not mapped
Compressed class space mapped at: 0x0000000100000000-0x0000000140000000, reserved size: 1073741824
Narrow klass base: 0x0000000000000000, Narrow klass shift: 3, Narrow klass range: 0x140000000

GC Precious Log:
 CPUs: 8 total, 8 available
 Memory: 16255M
 Large Page Support: Disabled
 NUMA Support: Disabled
 Compressed Oops: Enabled (32-bit)
 Alignments: Space 512K, Generation 512K, Heap 2M
 Heap Min Capacity: 100M
 Heap Initial Capacity: 100M
 Heap Max Capacity: 1G
 Pre-touch: Disabled
 Parallel Workers: 8

Heap:
 PSYoungGen      total 29696K, used 18768K [0x00000000eab00000, 0x00000000ecc00000, 0x0000000100000000)
  eden space 25600K, 57% used [0x00000000eab00000,0x00000000eb956360,0x00000000ec400000)
  from space 4096K, 99% used [0x00000000ec800000,0x00000000ecbfdec8,0x00000000ecc00000)
  to   space 4096K, 0% used [0x00000000ec400000,0x00000000ec400000,0x00000000ec800000)
 ParOldGen       total 68608K, used 1378K [0x00000000c0000000, 0x00000000c4300000, 0x00000000eab00000)
  object space 68608K, 2% used [0x00000000c0000000,0x00000000c0158b80,0x00000000c4300000)
 Metaspace       used 17611K, committed 17920K, reserved 1064960K
  class space    used 1783K, committed 1920K, reserved 1048576K

Card table byte_map: [0x00000202c14c0000,0x00000202c16d0000] _byte_map_base: 0x00000202c0ec0000

Marking Bits: (ParMarkBitMap*) 0x00007ff9dd193e70
 Begin Bits: [0x00000202d3790000, 0x00000202d4790000)
 End Bits:   [0x00000202d4790000, 0x00000202d5790000)

Polling page: 0x00000202bfb00000

Metaspace:

Usage:
  Non-class:     15.46 MB used.
      Class:      1.74 MB used.
       Both:     17.20 MB used.

Virtual space:
  Non-class space:       16.00 MB reserved,      15.62 MB ( 98%) committed,  2 nodes.
      Class space:        1.00 GB reserved,       1.88 MB ( <1%) committed,  1 nodes.
             Both:        1.02 GB reserved,      17.50 MB (  2%) committed. 

Chunk freelists:
   Non-Class:  96.00 KB
       Class:  2.16 MB
        Both:  2.25 MB

MaxMetaspaceSize: unlimited
CompressedClassSpaceSize: 1.00 GB
Initial GC threshold: 21.00 MB
Current GC threshold: 21.00 MB
CDS: off
MetaspaceReclaimPolicy: balanced
 - commit_granule_bytes: 65536.
 - commit_granule_words: 8192.
 - virtual_space_node_default_size: 1048576.
 - enlarge_chunks_in_place: 1.
 - new_chunks_are_fully_committed: 0.
 - uncommit_free_chunks: 1.
 - use_allocation_guard: 0.
 - handle_deallocations: 1.


Internal statistics:

num_allocs_failed_limit: 0.
num_arena_births: 118.
num_arena_deaths: 0.
num_vsnodes_births: 3.
num_vsnodes_deaths: 0.
num_space_committed: 280.
num_space_uncommitted: 0.
num_chunks_returned_to_freelist: 0.
num_chunks_taken_from_freelist: 453.
num_chunk_merges: 0.
num_chunk_splits: 293.
num_chunks_enlarged: 216.
num_purges: 0.
num_inconsistent_stats: 0.

CodeHeap 'non-profiled nmethods': size=120000Kb used=761Kb max_used=761Kb free=119238Kb
 bounds [0x00000202cc260000, 0x00000202cc4d0000, 0x00000202d3790000]
CodeHeap 'profiled nmethods': size=120000Kb used=3872Kb max_used=3872Kb free=116127Kb
 bounds [0x00000202c4790000, 0x00000202c4b60000, 0x00000202cbcc0000]
CodeHeap 'non-nmethods': size=5760Kb used=1176Kb max_used=1196Kb free=4583Kb
 bounds [0x00000202cbcc0000, 0x00000202cbf30000, 0x00000202cc260000]
 total_blobs=2460 nmethods=1989 adapters=385
 compilation: enabled
              stopped_count=0, restarted_count=0
 full_count=0

Compilation events (20 events):
Event: 5.031 Thread 0x00000202d74af310 1981       3       java.lang.Math::abs (13 bytes)
Event: 5.031 Thread 0x00000202d74af310 nmethod 1981 0x00000202c4b54b10 code [0x00000202c4b54ca0, 0x00000202c4b54e18]
Event: 5.074 Thread 0x00000202d74af310 1982       3       java.util.ArrayList$SubList$1::<init> (39 bytes)
Event: 5.074 Thread 0x00000202d74af310 nmethod 1982 0x00000202c4b54e90 code [0x00000202c4b55020, 0x00000202c4b551b8]
Event: 5.082 Thread 0x00000202d74af310 1983       3       org.eclipse.osgi.internal.loader.sources.SingleSourcePackage::loadClass (9 bytes)
Event: 5.083 Thread 0x00000202d74af310 nmethod 1983 0x00000202c4b55290 code [0x00000202c4b55440, 0x00000202c4b55608]
Event: 5.123 Thread 0x00000202d74af310 1984       3       java.io.DataInputStream::readShort (40 bytes)
Event: 5.123 Thread 0x00000202d74af310 nmethod 1984 0x00000202c4b55710 code [0x00000202c4b558e0, 0x00000202c4b55c88]
Event: 5.123 Thread 0x00000202d74af310 1985       3       java.io.DataInputStream::readFully (9 bytes)
Event: 5.124 Thread 0x00000202d74af310 nmethod 1985 0x00000202c4b55e10 code [0x00000202c4b55fc0, 0x00000202c4b56108]
Event: 5.130 Thread 0x00000202d74af310 1986  s    3       java.io.ByteArrayInputStream::read (36 bytes)
Event: 5.131 Thread 0x00000202d74af310 nmethod 1986 0x00000202c4b56210 code [0x00000202c4b563c0, 0x00000202c4b56618]
Event: 5.131 Thread 0x00000202d74af310 1987       3       java.io.DataInputStream::readByte (23 bytes)
Event: 5.131 Thread 0x00000202d74af310 nmethod 1987 0x00000202c4b56710 code [0x00000202c4b568c0, 0x00000202c4b56b98]
Event: 5.132 Thread 0x00000202d74af310 1988       3       java.util.zip.CRC32::updateBytesCheck (55 bytes)
Event: 5.132 Thread 0x00000202d74af310 nmethod 1988 0x00000202c4b56c90 code [0x00000202c4b56e80, 0x00000202c4b573c8]
Event: 5.132 Thread 0x00000202d74af310 1989       3       java.util.zip.Checksum::update (11 bytes)
Event: 5.133 Thread 0x00000202d74af310 nmethod 1989 0x00000202c4b57610 code [0x00000202c4b577c0, 0x00000202c4b579c8]
Event: 5.133 Thread 0x00000202d74af310 1990       3       sun.util.calendar.ZoneInfoFile$Checksum::update (39 bytes)
Event: 5.133 Thread 0x00000202d74af310 nmethod 1990 0x00000202c4b57b10 code [0x00000202c4b57cc0, 0x00000202c4b58028]

GC Heap History (4 events):
Event: 2.730 GC heap before
{Heap before GC invocations=1 (full 0):
 PSYoungGen      total 29696K, used 25600K [0x00000000eab00000, 0x00000000ecc00000, 0x0000000100000000)
  eden space 25600K, 100% used [0x00000000eab00000,0x00000000ec400000,0x00000000ec400000)
  from space 4096K, 0% used [0x00000000ec800000,0x00000000ec800000,0x00000000ecc00000)
  to   space 4096K, 0% used [0x00000000ec400000,0x00000000ec400000,0x00000000ec800000)
 ParOldGen       total 68608K, used 0K [0x00000000c0000000, 0x00000000c4300000, 0x00000000eab00000)
  object space 68608K, 0% used [0x00000000c0000000,0x00000000c0000000,0x00000000c4300000)
 Metaspace       used 11098K, committed 11264K, reserved 1064960K
  class space    used 1104K, committed 1216K, reserved 1048576K
}
Event: 2.742 GC heap after
{Heap after GC invocations=1 (full 0):
 PSYoungGen      total 29696K, used 3224K [0x00000000eab00000, 0x00000000ecc00000, 0x0000000100000000)
  eden space 25600K, 0% used [0x00000000eab00000,0x00000000eab00000,0x00000000ec400000)
  from space 4096K, 78% used [0x00000000ec400000,0x00000000ec726218,0x00000000ec800000)
  to   space 4096K, 0% used [0x00000000ec800000,0x00000000ec800000,0x00000000ecc00000)
 ParOldGen       total 68608K, used 16K [0x00000000c0000000, 0x00000000c4300000, 0x00000000eab00000)
  object space 68608K, 0% used [0x00000000c0000000,0x00000000c0004000,0x00000000c4300000)
 Metaspace       used 11098K, committed 11264K, reserved 1064960K
  class space    used 1104K, committed 1216K, reserved 1048576K
}
Event: 4.282 GC heap before
{Heap before GC invocations=2 (full 0):
 PSYoungGen      total 29696K, used 28824K [0x00000000eab00000, 0x00000000ecc00000, 0x0000000100000000)
  eden space 25600K, 100% used [0x00000000eab00000,0x00000000ec400000,0x00000000ec400000)
  from space 4096K, 78% used [0x00000000ec400000,0x00000000ec726218,0x00000000ec800000)
  to   space 4096K, 0% used [0x00000000ec800000,0x00000000ec800000,0x00000000ecc00000)
 ParOldGen       total 68608K, used 16K [0x00000000c0000000, 0x00000000c4300000, 0x00000000eab00000)
  object space 68608K, 0% used [0x00000000c0000000,0x00000000c0004000,0x00000000c4300000)
 Metaspace       used 15069K, committed 15360K, reserved 1064960K
  class space    used 1522K, committed 1664K, reserved 1048576K
}
Event: 4.293 GC heap after
{Heap after GC invocations=2 (full 0):
 PSYoungGen      total 29696K, used 4087K [0x00000000eab00000, 0x00000000ecc00000, 0x0000000100000000)
  eden space 25600K, 0% used [0x00000000eab00000,0x00000000eab00000,0x00000000ec400000)
  from space 4096K, 99% used [0x00000000ec800000,0x00000000ecbfdec8,0x00000000ecc00000)
  to   space 4096K, 0% used [0x00000000ec400000,0x00000000ec400000,0x00000000ec800000)
 ParOldGen       total 68608K, used 1378K [0x00000000c0000000, 0x00000000c4300000, 0x00000000eab00000)
  object space 68608K, 2% used [0x00000000c0000000,0x00000000c0158b80,0x00000000c4300000)
 Metaspace       used 15069K, committed 15360K, reserved 1064960K
  class space    used 1522K, committed 1664K, reserved 1048576K
}

Dll operation events (9 events):
Event: 0.017 Loaded shared library c:\Users\reymy\.vscode\extensions\redhat.java-1.16.0-win32-x64\jre\17.0.6-win32-x86_64\bin\java.dll
Event: 0.812 Loaded shared library c:\Users\reymy\.vscode\extensions\redhat.java-1.16.0-win32-x64\jre\17.0.6-win32-x86_64\bin\zip.dll
Event: 0.817 Loaded shared library C:\Users\reymy\.vscode\extensions\redhat.java-1.16.0-win32-x64\jre\17.0.6-win32-x86_64\bin\instrument.dll
Event: 0.852 Loaded shared library C:\Users\reymy\.vscode\extensions\redhat.java-1.16.0-win32-x64\jre\17.0.6-win32-x86_64\bin\net.dll
Event: 0.856 Loaded shared library C:\Users\reymy\.vscode\extensions\redhat.java-1.16.0-win32-x64\jre\17.0.6-win32-x86_64\bin\nio.dll
Event: 0.880 Loaded shared library C:\Users\reymy\.vscode\extensions\redhat.java-1.16.0-win32-x64\jre\17.0.6-win32-x86_64\bin\zip.dll
Event: 0.909 Loaded shared library C:\Users\reymy\.vscode\extensions\redhat.java-1.16.0-win32-x64\jre\17.0.6-win32-x86_64\bin\jimage.dll
Event: 1.010 Loaded shared library c:\Users\reymy\.vscode\extensions\redhat.java-1.16.0-win32-x64\jre\17.0.6-win32-x86_64\bin\verify.dll
Event: 3.857 Loaded shared library C:\Users\reymy\AppData\Roaming\Code\User\globalStorage\redhat.java\1.16.0\config_win\org.eclipse.equinox.launcher\org.eclipse.equinox.launcher.win32.win32.x86_64_1.2.700.v20221108-1024\eclipse_11801.dll

Deoptimization events (20 events):
Event: 5.130 Thread 0x00000202d8b40e50 Uncommon trap: trap_request=0xffffffc6 fr.pc=0x00000202cc314530 relative=0x0000000000000370
Event: 5.130 Thread 0x00000202d8b40e50 Uncommon trap: reason=bimorphic_or_optimized_type_check action=maybe_recompile pc=0x00000202cc314530 method=java.io.DataInputStream.readByte()B @ 4 c2
Event: 5.130 Thread 0x00000202d8b40e50 DEOPT PACKING pc=0x00000202cc314530 sp=0x000000ff7e2f82b0
Event: 5.130 Thread 0x00000202d8b40e50 DEOPT UNPACKING pc=0x00000202cbd166a3 sp=0x000000ff7e2f8268 mode 2
Event: 5.130 Thread 0x00000202d8b40e50 Uncommon trap: trap_request=0xffffffc6 fr.pc=0x00000202cc313344 relative=0x0000000000000d84
Event: 5.130 Thread 0x00000202d8b40e50 Uncommon trap: reason=bimorphic_or_optimized_type_check action=maybe_recompile pc=0x00000202cc313344 method=java.io.DataInputStream.readInt()I @ 4 c2
Event: 5.130 Thread 0x00000202d8b40e50 DEOPT PACKING pc=0x00000202cc313344 sp=0x000000ff7e2f82a0
Event: 5.130 Thread 0x00000202d8b40e50 DEOPT UNPACKING pc=0x00000202cbd166a3 sp=0x000000ff7e2f8250 mode 2
Event: 5.130 Thread 0x00000202d8b40e50 Uncommon trap: trap_request=0xffffffc6 fr.pc=0x00000202cc314530 relative=0x0000000000000370
Event: 5.130 Thread 0x00000202d8b40e50 Uncommon trap: reason=bimorphic_or_optimized_type_check action=maybe_recompile pc=0x00000202cc314530 method=java.io.DataInputStream.readByte()B @ 4 c2
Event: 5.130 Thread 0x00000202d8b40e50 DEOPT PACKING pc=0x00000202cc314530 sp=0x000000ff7e2f82b0
Event: 5.130 Thread 0x00000202d8b40e50 DEOPT UNPACKING pc=0x00000202cbd166a3 sp=0x000000ff7e2f8268 mode 2
Event: 5.130 Thread 0x00000202d8b40e50 Uncommon trap: trap_request=0xffffffc6 fr.pc=0x00000202cc313344 relative=0x0000000000000d84
Event: 5.130 Thread 0x00000202d8b40e50 Uncommon trap: reason=bimorphic_or_optimized_type_check action=maybe_recompile pc=0x00000202cc313344 method=java.io.DataInputStream.readInt()I @ 4 c2
Event: 5.130 Thread 0x00000202d8b40e50 DEOPT PACKING pc=0x00000202cc313344 sp=0x000000ff7e2f8310
Event: 5.130 Thread 0x00000202d8b40e50 DEOPT UNPACKING pc=0x00000202cbd166a3 sp=0x000000ff7e2f82c0 mode 2
Event: 5.130 Thread 0x00000202d8b40e50 Uncommon trap: trap_request=0xffffffc6 fr.pc=0x00000202cc313344 relative=0x0000000000000d84
Event: 5.130 Thread 0x00000202d8b40e50 Uncommon trap: reason=bimorphic_or_optimized_type_check action=maybe_recompile pc=0x00000202cc313344 method=java.io.DataInputStream.readInt()I @ 4 c2
Event: 5.130 Thread 0x00000202d8b40e50 DEOPT PACKING pc=0x00000202cc313344 sp=0x000000ff7e2f82a0
Event: 5.130 Thread 0x00000202d8b40e50 DEOPT UNPACKING pc=0x00000202cbd166a3 sp=0x000000ff7e2f8250 mode 2

Classes unloaded (0 events):
No events

Classes redefined (0 events):
No events

Internal exceptions (20 events):
Event: 2.414 Thread 0x00000202c1b03860 Exception <a 'java/lang/ClassNotFoundException'{0x00000000ebfc51a8}: sun/net/www/protocol/c/Handler> (0x00000000ebfc51a8) 
thrown [s\src\hotspot\share\classfile\systemDictionary.cpp, line 256]
Event: 2.451 Thread 0x00000202c1b03860 Exception <a 'java/io/FileNotFoundException'{0x00000000ebfeb6f0}> (0x00000000ebfeb6f0) 
thrown [s\src\hotspot\share\prims\jni.cpp, line 516]
Event: 2.534 Thread 0x00000202c1b03860 Implicit null exception at 0x00000202cc2b6900 to 0x00000202cc2b7358
Event: 2.534 Thread 0x00000202c1b03860 Implicit null exception at 0x00000202cc2ade71 to 0x00000202cc2ae06c
Event: 2.534 Thread 0x00000202c1b03860 Implicit null exception at 0x00000202cc29e8f1 to 0x00000202cc29eaec
Event: 2.535 Thread 0x00000202c1b03860 Implicit null exception at 0x00000202cc2b258f to 0x00000202cc2b2609
Event: 2.635 Thread 0x00000202c1b03860 Exception <a 'java/lang/NoSuchMethodError'{0x00000000ec2b7a68}: 'int java.lang.invoke.DirectMethodHandle$Holder.invokeStaticInit(java.lang.Object, java.lang.Object, java.lang.Object, java.lang.Object)'> (0x00000000ec2b7a68) 
thrown [s\src\hotspot\share\interpreter\linkResolver.cpp, line 759]
Event: 2.644 Thread 0x00000202c1b03860 Exception <a 'java/lang/NoSuchMethodError'{0x00000000ec2c20d8}: 'java.lang.Object java.lang.invoke.DirectMethodHandle$Holder.invokeInterface(java.lang.Object, java.lang.Object)'> (0x00000000ec2c20d8) 
thrown [s\src\hotspot\share\interpreter\linkResolver.cpp, line 759]
Event: 2.646 Thread 0x00000202c1b03860 Exception <a 'java/lang/IncompatibleClassChangeError'{0x00000000ec2c58d0}: Found class java.lang.Object, but interface was expected> (0x00000000ec2c58d0) 
thrown [s\src\hotspot\share\interpreter\linkResolver.cpp, line 826]
Event: 2.649 Thread 0x00000202c1b03860 Exception <a 'java/lang/NoSuchMethodError'{0x00000000ec2c9dc8}: 'void java.lang.invoke.DirectMethodHandle$Holder.invokeStatic(java.lang.Object, java.lang.Object)'> (0x00000000ec2c9dc8) 
thrown [s\src\hotspot\share\interpreter\linkResolver.cpp, line 759]
Event: 2.650 Thread 0x00000202c1b03860 Exception <a 'java/lang/NoSuchMethodError'{0x00000000ec2cd5c8}: 'void java.lang.invoke.DirectMethodHandle$Holder.invokeStaticInit(java.lang.Object, java.lang.Object)'> (0x00000000ec2cd5c8) 
thrown [s\src\hotspot\share\interpreter\linkResolver.cpp, line 759]
Event: 2.652 Thread 0x00000202c1b03860 Exception <a 'java/lang/NoSuchMethodError'{0x00000000ec2d49c0}: 'int java.lang.invoke.DirectMethodHandle$Holder.invokeStaticInit(java.lang.Object, java.lang.Object)'> (0x00000000ec2d49c0) 
thrown [s\src\hotspot\share\interpreter\linkResolver.cpp, line 759]
Event: 2.747 Thread 0x00000202c1b03860 Exception <a 'java/lang/NoSuchMethodError'{0x00000000eab174b0}: 'void java.lang.invoke.DirectMethodHandle$Holder.invokeSpecial(java.lang.Object, java.lang.Object, java.lang.Object)'> (0x00000000eab174b0) 
thrown [s\src\hotspot\share\interpreter\linkResolver.cpp, line 759]
Event: 3.404 Thread 0x00000202c1b03860 Exception <a 'java/lang/NoSuchMethodError'{0x00000000eb7dc0b8}: 'java.lang.Object java.lang.invoke.DirectMethodHandle$Holder.newInvokeSpecial(java.lang.Object, int, java.lang.Object)'> (0x00000000eb7dc0b8) 
thrown [s\src\hotspot\share\interpreter\linkResolver.cpp, line 759]
Event: 3.778 Thread 0x00000202c1b03860 Exception <a 'java/lang/UnsatisfiedLinkError'{0x00000000ebd95210}: 'void org.eclipse.equinox.launcher.JNIBridge._update_splash()'> (0x00000000ebd95210) 
thrown [s\src\hotspot\share\prims\nativeLookup.cpp, line 543]
Event: 4.059 Thread 0x00000202d8b40e50 Exception <a 'java/lang/NoSuchMethodError'{0x00000000ec0361e0}: 'java.lang.Object java.lang.invoke.DirectMethodHandle$Holder.invokeStaticInit(java.lang.Object)'> (0x00000000ec0361e0) 
thrown [s\src\hotspot\share\interpreter\linkResolver.cpp, line 759]
Event: 4.654 Thread 0x00000202d8b40e50 Exception <a 'java/io/FileNotFoundException'{0x00000000eb320a90}> (0x00000000eb320a90) 
thrown [s\src\hotspot\share\prims\jni.cpp, line 516]
Event: 4.683 Thread 0x00000202d8b40e50 Exception <a 'java/lang/NullPointerException'{0x00000000eb376500}> (0x00000000eb376500) 
thrown [s\src\hotspot\share\interpreter\linkResolver.cpp, line 1350]
Event: 4.683 Thread 0x00000202d8b40e50 Exception <a 'java/lang/NullPointerException'{0x00000000eb376d28}> (0x00000000eb376d28) 
thrown [s\src\hotspot\share\interpreter\linkResolver.cpp, line 1350]
Event: 4.938 Thread 0x00000202d8b40e50 Exception <a 'java/lang/NoSuchMethodError'{0x00000000eb6b6b38}: 'java.lang.Object java.lang.invoke.Invokers$Holder.invokeExact_MT(java.lang.Object, java.lang.Object, java.lang.Object, java.lang.Object, java.lang.Object, java.lang.Object)'> (0x00000000eb6b6b38) 
thrown [s\src\hotspot\share\interpreter\linkResolver.cpp, line 759]

VM Operations (20 events):
Event: 2.354 Executing VM operation: HandshakeAllThreads
Event: 2.354 Executing VM operation: HandshakeAllThreads done
Event: 2.730 Executing VM operation: ParallelGCFailedAllocation
Event: 2.742 Executing VM operation: ParallelGCFailedAllocation done
Event: 3.350 Executing VM operation: HandshakeAllThreads
Event: 3.350 Executing VM operation: HandshakeAllThreads done
Event: 3.350 Executing VM operation: HandshakeAllThreads
Event: 3.350 Executing VM operation: HandshakeAllThreads done
Event: 3.362 Executing VM operation: HandshakeAllThreads
Event: 3.362 Executing VM operation: HandshakeAllThreads done
Event: 3.392 Executing VM operation: HandshakeAllThreads
Event: 3.392 Executing VM operation: HandshakeAllThreads done
Event: 4.115 Executing VM operation: HandshakeAllThreads
Event: 4.115 Executing VM operation: HandshakeAllThreads done
Event: 4.115 Executing VM operation: Cleanup
Event: 4.116 Executing VM operation: Cleanup done
Event: 4.282 Executing VM operation: ParallelGCFailedAllocation
Event: 4.293 Executing VM operation: ParallelGCFailedAllocation done
Event: 5.131 Executing VM operation: HandshakeAllThreads
Event: 5.131 Executing VM operation: HandshakeAllThreads done

Events (20 events):
Event: 5.119 loading class sun/util/calendar/ZoneInfoFile
Event: 5.120 loading class sun/util/calendar/ZoneInfoFile done
Event: 5.120 loading class sun/util/calendar/ZoneInfoFile$1
Event: 5.120 loading class sun/util/calendar/ZoneInfoFile$1 done
Event: 5.130 loading class sun/util/calendar/ZoneInfoFile$ZoneOffsetTransitionRule
Event: 5.131 loading class sun/util/calendar/ZoneInfoFile$ZoneOffsetTransitionRule done
Event: 5.131 loading class sun/util/calendar/ZoneInfoFile$Checksum
Event: 5.131 loading class sun/util/calendar/ZoneInfoFile$Checksum done
Event: 5.133 loading class sun/util/spi/CalendarProvider
Event: 5.134 loading class java/util/spi/LocaleServiceProvider
Event: 5.134 loading class java/util/spi/LocaleServiceProvider done
Event: 5.134 loading class sun/util/spi/CalendarProvider done
Event: 5.134 loading class sun/util/locale/provider/LocaleProviderAdapter
Event: 5.134 loading class sun/util/locale/provider/LocaleProviderAdapter done
Event: 5.134 loading class sun/util/locale/provider/LocaleProviderAdapter$Type
Event: 5.135 loading class sun/util/locale/provider/LocaleProviderAdapter$Type done
Event: 5.135 loading class sun/util/locale/provider/LocaleProviderAdapter$1
Event: 5.135 loading class sun/util/locale/provider/LocaleProviderAdapter$1 done
Event: 5.135 loading class sun/util/cldr/CLDRLocaleProviderAdapter
Event: 5.135 loading class sun/util/locale/provider/JRELocaleProviderAdapter


Dynamic libraries:
0x00007ff65fc00000 - 0x00007ff65fc0e000 	c:\Users\reymy\.vscode\extensions\redhat.java-1.16.0-win32-x64\jre\17.0.6-win32-x86_64\bin\java.exe
0x00007ffa55e40000 - 0x00007ffa56049000 	C:\WINDOWS\SYSTEM32\ntdll.dll
0x00007ffa53cc0000 - 0x00007ffa53d7e000 	C:\WINDOWS\System32\KERNEL32.DLL
0x00007ffa534d0000 - 0x00007ffa5384b000 	C:\WINDOWS\System32\KERNELBASE.dll
0x00007ffa53310000 - 0x00007ffa53421000 	C:\WINDOWS\System32\ucrtbase.dll
0x00007ffa38e30000 - 0x00007ffa38e47000 	c:\Users\reymy\.vscode\extensions\redhat.java-1.16.0-win32-x64\jre\17.0.6-win32-x86_64\bin\jli.dll
0x00007ffa548a0000 - 0x00007ffa54a4d000 	C:\WINDOWS\System32\USER32.dll
0x00007ffa53a40000 - 0x00007ffa53a66000 	C:\WINDOWS\System32\win32u.dll
0x00007ffa54530000 - 0x00007ffa54559000 	C:\WINDOWS\System32\GDI32.dll
0x00007ffa53ba0000 - 0x00007ffa53cb8000 	C:\WINDOWS\System32\gdi32full.dll
0x00007ffa53430000 - 0x00007ffa534cd000 	C:\WINDOWS\System32\msvcp_win.dll
0x00007ffa30bb0000 - 0x00007ffa30bc9000 	c:\Users\reymy\.vscode\extensions\redhat.java-1.16.0-win32-x64\jre\17.0.6-win32-x86_64\bin\VCRUNTIME140.dll
0x00007ffa3bfd0000 - 0x00007ffa3c275000 	C:\WINDOWS\WinSxS\amd64_microsoft.windows.common-controls_6595b64144ccf1df_6.0.22000.120_none_9d947278b86cc467\COMCTL32.dll
0x00007ffa55740000 - 0x00007ffa557e3000 	C:\WINDOWS\System32\msvcrt.dll
0x00007ffa53fa0000 - 0x00007ffa53fd2000 	C:\WINDOWS\System32\IMM32.DLL
0x00007ffa40dc0000 - 0x00007ffa40dcc000 	c:\Users\reymy\.vscode\extensions\redhat.java-1.16.0-win32-x64\jre\17.0.6-win32-x86_64\bin\vcruntime140_1.dll
0x00007ffa085e0000 - 0x00007ffa08671000 	c:\Users\reymy\.vscode\extensions\redhat.java-1.16.0-win32-x64\jre\17.0.6-win32-x86_64\bin\msvcp140.dll
0x00007ff9dc610000 - 0x00007ff9dd257000 	c:\Users\reymy\.vscode\extensions\redhat.java-1.16.0-win32-x64\jre\17.0.6-win32-x86_64\bin\server\jvm.dll
0x00007ffa55690000 - 0x00007ffa5573e000 	C:\WINDOWS\System32\ADVAPI32.dll
0x00007ffa541f0000 - 0x00007ffa5428e000 	C:\WINDOWS\System32\sechost.dll
0x00007ffa540d0000 - 0x00007ffa541f0000 	C:\WINDOWS\System32\RPCRT4.dll
0x00007ffa2b310000 - 0x00007ffa2b319000 	C:\WINDOWS\SYSTEM32\WSOCK32.dll
0x00007ffa544c0000 - 0x00007ffa5452f000 	C:\WINDOWS\System32\WS2_32.dll
0x00007ffa4c9b0000 - 0x00007ffa4c9e3000 	C:\WINDOWS\SYSTEM32\WINMM.dll
0x00007ffa4cef0000 - 0x00007ffa4cefa000 	C:\WINDOWS\SYSTEM32\VERSION.dll
0x00007ffa52480000 - 0x00007ffa52498000 	C:\WINDOWS\SYSTEM32\kernel.appcore.dll
0x00007ffa40010000 - 0x00007ffa4001a000 	c:\Users\reymy\.vscode\extensions\redhat.java-1.16.0-win32-x64\jre\17.0.6-win32-x86_64\bin\jimage.dll
0x00007ffa4e440000 - 0x00007ffa4e661000 	C:\WINDOWS\SYSTEM32\DBGHELP.DLL
0x00007ffa49f80000 - 0x00007ffa49fb1000 	C:\WINDOWS\SYSTEM32\dbgcore.DLL
0x00007ffa53850000 - 0x00007ffa538cf000 	C:\WINDOWS\System32\bcryptPrimitives.dll
0x00007ffa3fa40000 - 0x00007ffa3fa4e000 	c:\Users\reymy\.vscode\extensions\redhat.java-1.16.0-win32-x64\jre\17.0.6-win32-x86_64\bin\instrument.dll
0x00007ffa301e0000 - 0x00007ffa30205000 	c:\Users\reymy\.vscode\extensions\redhat.java-1.16.0-win32-x64\jre\17.0.6-win32-x86_64\bin\java.dll
0x00007ffa301c0000 - 0x00007ffa301d8000 	c:\Users\reymy\.vscode\extensions\redhat.java-1.16.0-win32-x64\jre\17.0.6-win32-x86_64\bin\zip.dll
0x00007ffa54a60000 - 0x00007ffa55217000 	C:\WINDOWS\System32\SHELL32.dll
0x00007ffa51410000 - 0x00007ffa51c75000 	C:\WINDOWS\SYSTEM32\windows.storage.dll
0x00007ffa55310000 - 0x00007ffa55688000 	C:\WINDOWS\System32\combase.dll
0x00007ffa512a0000 - 0x00007ffa51406000 	C:\WINDOWS\SYSTEM32\wintypes.dll
0x00007ffa54640000 - 0x00007ffa5472a000 	C:\WINDOWS\System32\SHCORE.dll
0x00007ffa53fe0000 - 0x00007ffa5403d000 	C:\WINDOWS\System32\shlwapi.dll
0x00007ffa53240000 - 0x00007ffa53261000 	C:\WINDOWS\SYSTEM32\profapi.dll
0x00007ffa301a0000 - 0x00007ffa301b9000 	C:\Users\reymy\.vscode\extensions\redhat.java-1.16.0-win32-x64\jre\17.0.6-win32-x86_64\bin\net.dll
0x00007ffa4cbe0000 - 0x00007ffa4ccf4000 	C:\WINDOWS\SYSTEM32\WINHTTP.dll
0x00007ffa52920000 - 0x00007ffa52987000 	C:\WINDOWS\system32\mswsock.dll
0x00007ffa2fc10000 - 0x00007ffa2fc25000 	C:\Users\reymy\.vscode\extensions\redhat.java-1.16.0-win32-x64\jre\17.0.6-win32-x86_64\bin\nio.dll
0x00007ffa3e3a0000 - 0x00007ffa3e3b0000 	c:\Users\reymy\.vscode\extensions\redhat.java-1.16.0-win32-x64\jre\17.0.6-win32-x86_64\bin\verify.dll
0x00007ffa378b0000 - 0x00007ffa378ee000 	C:\Users\reymy\AppData\Roaming\Code\User\globalStorage\redhat.java\1.16.0\config_win\org.eclipse.equinox.launcher\org.eclipse.equinox.launcher.win32.win32.x86_64_1.2.700.v20221108-1024\eclipse_11801.dll
0x00007ffa557f0000 - 0x00007ffa5598a000 	C:\WINDOWS\System32\ole32.dll

dbghelp: loaded successfully - version: 4.0.5 - missing functions: none
symbol engine: initialized successfully - sym options: 0x614 - pdb path: .;c:\Users\reymy\.vscode\extensions\redhat.java-1.16.0-win32-x64\jre\17.0.6-win32-x86_64\bin;C:\WINDOWS\SYSTEM32;C:\WINDOWS\WinSxS\amd64_microsoft.windows.common-controls_6595b64144ccf1df_6.0.22000.120_none_9d947278b86cc467;c:\Users\reymy\.vscode\extensions\redhat.java-1.16.0-win32-x64\jre\17.0.6-win32-x86_64\bin\server;C:\Users\reymy\AppData\Roaming\Code\User\globalStorage\redhat.java\1.16.0\config_win\org.eclipse.equinox.launcher\org.eclipse.equinox.launcher.win32.win32.x86_64_1.2.700.v20221108-1024

VM Arguments:
jvm_args: --add-modules=ALL-SYSTEM --add-opens=java.base/java.util=ALL-UNNAMED --add-opens=java.base/java.lang=ALL-UNNAMED --add-opens=java.base/sun.nio.fs=ALL-UNNAMED -Declipse.application=org.eclipse.jdt.ls.core.id1 -Dosgi.bundles.defaultStartLevel=4 -Declipse.product=org.eclipse.jdt.ls.core.product -Djava.import.generatesMetadataFilesAtProjectRoot=false -Dfile.encoding=utf8 -XX:+UseParallelGC -XX:GCTimeRatio=4 -XX:AdaptiveSizePolicyWeight=90 -Dsun.zip.disableMemoryMapping=true -Xmx1G -Xms100m -Xlog:disable -javaagent:c:\Users\reymy\.vscode\extensions\redhat.java-1.16.0-win32-x64\lombok\lombok-1.18.24.jar -XX:+HeapDumpOnOutOfMemoryError -XX:HeapDumpPath=c:\Users\reymy\AppData\Roaming\Code\User\workspaceStorage\9c20e6c94428f24b6a4ffd469f21ce1a\redhat.java 
java_command: c:\Users\reymy\.vscode\extensions\redhat.java-1.16.0-win32-x64\server\plugins\org.eclipse.equinox.launcher_1.6.400.v20210924-0641.jar -configuration c:\Users\reymy\AppData\Roaming\Code\User\globalStorage\redhat.java\1.16.0\config_win -data c:\Users\reymy\AppData\Roaming\Code\User\workspaceStorage\9c20e6c94428f24b6a4ffd469f21ce1a\redhat.java\jdt_ws
java_class_path (initial): c:\Users\reymy\.vscode\extensions\redhat.java-1.16.0-win32-x64\server\plugins\org.eclipse.equinox.launcher_1.6.400.v20210924-0641.jar
Launcher Type: SUN_STANDARD

[Global flags]
    uintx AdaptiveSizePolicyWeight                 = 90                                        {product} {command line}
     intx CICompilerCount                          = 4                                         {product} {ergonomic}
    uintx GCTimeRatio                              = 4                                         {product} {command line}
     bool HeapDumpOnOutOfMemoryError               = true                                   {manageable} {command line}
    ccstr HeapDumpPath                             = c:\Users\reymy\AppData\Roaming\Code\User\workspaceStorage\9c20e6c94428f24b6a4ffd469f21ce1a\redhat.java         {manageable} {command line}
   size_t InitialHeapSize                          = 104857600                                 {product} {command line}
   size_t MaxHeapSize                              = 1073741824                                {product} {command line}
   size_t MaxNewSize                               = 357564416                                 {product} {ergonomic}
   size_t MinHeapDeltaBytes                        = 524288                                    {product} {ergonomic}
   size_t MinHeapSize                              = 104857600                                 {product} {command line}
   size_t NewSize                                  = 34603008                                  {product} {ergonomic}
    uintx NonNMethodCodeHeapSize                   = 5839372                                {pd product} {ergonomic}
    uintx NonProfiledCodeHeapSize                  = 122909434                              {pd product} {ergonomic}
   size_t OldSize                                  = 70254592                                  {product} {ergonomic}
    uintx ProfiledCodeHeapSize                     = 122909434                              {pd product} {ergonomic}
    uintx ReservedCodeCacheSize                    = 251658240                              {pd product} {ergonomic}
     bool SegmentedCodeCache                       = true                                      {product} {ergonomic}
   size_t SoftMaxHeapSize                          = 1073741824                             {manageable} {ergonomic}
     bool UseCompressedClassPointers               = true                           {product lp64_product} {ergonomic}
     bool UseCompressedOops                        = true                           {product lp64_product} {ergonomic}
     bool UseLargePagesIndividualAllocation        = false                                  {pd product} {ergonomic}
     bool UseParallelGC                            = true                                      {product} {command line}

Logging:
Log output configuration:
 #0: stdout all=off uptime,level,tags
 #1: stderr all=off uptime,level,tags

Environment Variables:
PATH=C:\app\reymy\product\18.0.0\dbhomeXE\bin;C:\Program Files (x86)\Common Files\Oracle\Java\javapath;C:\Windows\system32;C:\Windows;C:\Windows\System32\Wbem;C:\Windows\System32\WindowsPowerShell\v1.0\;C:\Windows\System32\OpenSSH\;C:\Program Files (x86)\NVIDIA Corporation\PhysX\Common;C:\Program Files\NVIDIA Corporation\NVIDIA NvDLISR;C:\Program Files\Java\jdk-13.0.2\bin;D:\bin;C:\WINDOWS\system32;C:\WINDOWS;C:\WINDOWS\System32\Wbem;C:\WINDOWS\System32\WindowsPowerShell\v1.0\;C:\WINDOWS\System32\OpenSSH\;C:\Program Files\Git\cmd;C:\ProgramData\chocolatey\bin;C:\Users\reymy\AppData\Roaming\nvm;C:\Program Files\nodejs;C:\Program Files\nodejs\;C:\Gradle\gradle-8.0\bin;D:\Gradle\gradle-8.0\bin;C:\Users\reymy\AppData\Local\Microsoft\WindowsApps;C:\Users\reymy\AppData\Local\atom\bin;C:\Users\reymy\AppData\Local\Programs\Microsoft VS Code\bin;C:\Users\reymy\AppData\Local\GitHubDesktop\bin;C:\Users\reymy\AppData\Local\Microsoft\WindowsApps;C:\Program Files\heroku\bin;C:\Users\reymy\AppData\Roaming\nvm;C:\Program Files\nodejs;C:\Users\reymy\AppData\Roaming\npm
USERNAME=reymy
OS=Windows_NT
PROCESSOR_IDENTIFIER=Intel64 Family 6 Model 142 Stepping 12, GenuineIntel
TMP=C:\Users\reymy\AppData\Local\Temp
TEMP=C:\Users\reymy\AppData\Local\Temp



---------------  S Y S T E M  ---------------

OS:
 Windows 11 , 64 bit Build 22000 (10.0.22000.1335)
OS uptime: 35 days 3:08 hours

CPU: total 8 (initial active 8) (4 cores per cpu, 2 threads per core) family 6 model 142 stepping 12 microcode 0xf0, cx8, cmov, fxsr, ht, mmx, 3dnowpref, sse, sse2, sse3, ssse3, sse4.1, sse4.2, popcnt, lzcnt, tsc, tscinvbit, avx, avx2, aes, erms, clmul, bmi1, bmi2, adx, fma, vzeroupper, clflush, clflushopt

Memory: 4k page, system-wide physical 16255M (2181M free)
TotalPageFile size 25662M (AvailPageFile size 652M)
current process WorkingSet (physical memory assigned to process): 99M, peak: 99M
current process commit charge ("private bytes"): 214M, peak: 214M

vm_info: OpenJDK 64-Bit Server VM (17.0.6+10) for windows-amd64 JRE (17.0.6+10), built on Jan 18 2023 10:08:59 by "temurin" with MS VC++ 16.7 (VS2019)

END.
