#
# There is insufficient memory for the Java Runtime Environment to continue.
# Native memory allocation (malloc) failed to allocate 957936 bytes for Chunk::new
# Possible reasons:
#   The system is out of physical RAM or swap space
#   The process is running with CompressedOops enabled, and the Java Heap may be blocking the growth of the native heap
# Possible solutions:
#   Reduce memory load on the system
#   Increase physical memory or swap space
#   Check if swap backing store is full
#   Decrease Java heap size (-Xmx/-Xms)
#   Decrease number of Java threads
#   Decrease Java thread stack sizes (-Xss)
#   Set larger code cache with -XX:ReservedCodeCacheSize=
#   JVM is running with Unscaled Compressed Oops mode in which the Java heap is
#     placed in the first 4GB address space. The Java Heap base address is the
#     maximum limit for the native heap growth. Please use -XX:HeapBaseMinAddress
#     to set the Java Heap base and to place the Java Heap above 4GB virtual address.
# This output file may be truncated or incomplete.
#
#  Out of Memory Error (arena.cpp:189), pid=33004, tid=22592
#
# JRE version: OpenJDK Runtime Environment Temurin-17.0.6+10 (17.0.6+10) (build 17.0.6+10)
# Java VM: OpenJDK 64-Bit Server VM Temurin-17.0.6+10 (17.0.6+10, mixed mode, tiered, compressed oops, compressed class ptrs, parallel gc, windows-amd64)
# No core dump will be written. Minidumps are not enabled by default on client versions of Windows
#

---------------  S U M M A R Y ------------

Command Line: --add-modules=ALL-SYSTEM --add-opens=java.base/java.util=ALL-UNNAMED --add-opens=java.base/java.lang=ALL-UNNAMED --add-opens=java.base/sun.nio.fs=ALL-UNNAMED -Declipse.application=org.eclipse.jdt.ls.core.id1 -Dosgi.bundles.defaultStartLevel=4 -Declipse.product=org.eclipse.jdt.ls.core.product -Djava.import.generatesMetadataFilesAtProjectRoot=false -Dfile.encoding=utf8 -XX:+UseParallelGC -XX:GCTimeRatio=4 -XX:AdaptiveSizePolicyWeight=90 -Dsun.zip.disableMemoryMapping=true -Xmx1G -Xms100m -Xlog:disable -javaagent:c:\Users\reymy\.vscode\extensions\redhat.java-1.16.0-win32-x64\lombok\lombok-1.18.24.jar c:\Users\reymy\.vscode\extensions\redhat.java-1.16.0-win32-x64\server\plugins\org.eclipse.equinox.launcher_1.6.400.v20210924-0641.jar -configuration c:\Users\reymy\AppData\Roaming\Code\User\globalStorage\redhat.java\1.16.0\config_ss_win -data c:\Users\reymy\AppData\Roaming\Code\User\workspaceStorage\9c20e6c94428f24b6a4ffd469f21ce1a\redhat.java\ss_ws

Host: Intel(R) Core(TM) i7-8565U CPU @ 1.80GHz, 8 cores, 15G,  Windows 11 , 64 bit Build 22000 (10.0.22000.1335)
Time: Mon Mar 27 12:08:29 2023 AUS Eastern Daylight Time elapsed time: 6.701840 seconds (0d 0h 0m 6s)

---------------  T H R E A D  ---------------

Current thread (0x000001867c67ae80):  JavaThread "C2 CompilerThread0" daemon [_thread_in_native, id=22592, stack(0x0000001b79900000,0x0000001b79a00000)]


Current CompileTask:
C2:   6701 2283       4       org.objectweb.asm.ClassReader::readMethod (1066 bytes)

Stack: [0x0000001b79900000,0x0000001b79a00000]
Native frames: (J=compiled Java code, j=interpreted, Vv=VM code, C=native code)
V  [jvm.dll+0x67741a]
V  [jvm.dll+0x834434]
V  [jvm.dll+0x835bde]
V  [jvm.dll+0x836243]
V  [jvm.dll+0x2457b5]
V  [jvm.dll+0xabafc]
V  [jvm.dll+0xac0cc]
V  [jvm.dll+0x2ac94f]
V  [jvm.dll+0x57de47]
V  [jvm.dll+0x220812]
V  [jvm.dll+0x220bef]
V  [jvm.dll+0x21a445]
V  [jvm.dll+0x21790b]
V  [jvm.dll+0x1a3d0d]
V  [jvm.dll+0x22742a]
V  [jvm.dll+0x225565]
V  [jvm.dll+0x7ea2cb]
V  [jvm.dll+0x7e483a]
V  [jvm.dll+0x6762c5]
C  [ucrtbase.dll+0x26c0c]
C  [KERNEL32.DLL+0x155a0]
C  [ntdll.dll+0x485b]


---------------  P R O C E S S  ---------------

Threads class SMR info:
_java_thread_list=0x000001867eff9600, length=21, elements={
0x0000018666d2ff20, 0x000001867abb3380, 0x000001867abb4af0, 0x000001867c671960,
0x000001867c672320, 0x000001867c675aa0, 0x000001867c676bf0, 0x000001867c67ae80,
0x000001867c688cb0, 0x000001867c6d4d80, 0x000001867c777990, 0x000001867c95e030,
0x000001867e912a10, 0x000001867e9c2350, 0x000001867dd3d400, 0x000001867eb22120,
0x000001867dd3a440, 0x000001867ec007e0, 0x000001867ea40310, 0x000001867ea333c0,
0x000001867f1c8930
}

Java Threads: ( => current thread )
  0x0000018666d2ff20 JavaThread "main" [_thread_blocked, id=22224, stack(0x0000001b79000000,0x0000001b79100000)]
  0x000001867abb3380 JavaThread "Reference Handler" daemon [_thread_blocked, id=15940, stack(0x0000001b79300000,0x0000001b79400000)]
  0x000001867abb4af0 JavaThread "Finalizer" daemon [_thread_blocked, id=10924, stack(0x0000001b79400000,0x0000001b79500000)]
  0x000001867c671960 JavaThread "Signal Dispatcher" daemon [_thread_blocked, id=31344, stack(0x0000001b79500000,0x0000001b79600000)]
  0x000001867c672320 JavaThread "Attach Listener" daemon [_thread_blocked, id=26020, stack(0x0000001b79600000,0x0000001b79700000)]
  0x000001867c675aa0 JavaThread "Service Thread" daemon [_thread_blocked, id=31224, stack(0x0000001b79700000,0x0000001b79800000)]
  0x000001867c676bf0 JavaThread "Monitor Deflation Thread" daemon [_thread_blocked, id=15312, stack(0x0000001b79800000,0x0000001b79900000)]
=>0x000001867c67ae80 JavaThread "C2 CompilerThread0" daemon [_thread_in_native, id=22592, stack(0x0000001b79900000,0x0000001b79a00000)]
  0x000001867c688cb0 JavaThread "C1 CompilerThread0" daemon [_thread_blocked, id=11360, stack(0x0000001b79a00000,0x0000001b79b00000)]
  0x000001867c6d4d80 JavaThread "Sweeper thread" daemon [_thread_blocked, id=724, stack(0x0000001b79b00000,0x0000001b79c00000)]
  0x000001867c777990 JavaThread "Common-Cleaner" daemon [_thread_blocked, id=32004, stack(0x0000001b79c00000,0x0000001b79d00000)]
  0x000001867c95e030 JavaThread "Notification Thread" daemon [_thread_blocked, id=23928, stack(0x0000001b79d00000,0x0000001b79e00000)]
  0x000001867e912a10 JavaThread "Active Thread: Equinox Container: 56d096fc-4b38-4874-933b-c4b960b0b08a" [_thread_blocked, id=33548, stack(0x0000001b7a600000,0x0000001b7a700000)]
  0x000001867e9c2350 JavaThread "Framework Event Dispatcher: Equinox Container: 56d096fc-4b38-4874-933b-c4b960b0b08a" daemon [_thread_blocked, id=31700, stack(0x0000001b7a700000,0x0000001b7a800000)]
  0x000001867dd3d400 JavaThread "Start Level: Equinox Container: 56d096fc-4b38-4874-933b-c4b960b0b08a" daemon [_thread_in_vm, id=19096, stack(0x0000001b7a800000,0x0000001b7a900000)]
  0x000001867eb22120 JavaThread "SCR Component Actor" daemon [_thread_blocked, id=31896, stack(0x0000001b7a900000,0x0000001b7aa00000)]
  0x000001867dd3a440 JavaThread "SCR Component Registry" daemon [_thread_blocked, id=27548, stack(0x0000001b7aa00000,0x0000001b7ab00000)]
  0x000001867ec007e0 JavaThread "Worker-JM" [_thread_blocked, id=23596, stack(0x0000001b7ab00000,0x0000001b7ac00000)]
  0x000001867ea40310 JavaThread "Worker-0" [_thread_blocked, id=32840, stack(0x0000001b7ac00000,0x0000001b7ad00000)]
  0x000001867ea333c0 JavaThread "Worker-1" [_thread_blocked, id=32092, stack(0x0000001b7ad00000,0x0000001b7ae00000)]
  0x000001867f1c8930 JavaThread "C2 CompilerThread1" daemon [_thread_in_native, id=30712, stack(0x0000001b7ae00000,0x0000001b7af00000)]

Other Threads:
  0x000001867c640dc0 VMThread "VM Thread" [stack: 0x0000001b79200000,0x0000001b79300000] [id=19216]
  0x000001867c923dd0 WatcherThread [stack: 0x0000001b79e00000,0x0000001b79f00000] [id=24064]
  0x0000018666d47200 GCTaskThread "GC Thread#0" [stack: 0x0000001b79100000,0x0000001b79200000] [id=25496]
  0x000001867dc44cf0 GCTaskThread "GC Thread#1" [stack: 0x0000001b79f00000,0x0000001b7a000000] [id=15244]
  0x000001867dc444e0 GCTaskThread "GC Thread#2" [stack: 0x0000001b7a000000,0x0000001b7a100000] [id=4084]
  0x000001867dc457b0 GCTaskThread "GC Thread#3" [stack: 0x0000001b7a100000,0x0000001b7a200000] [id=13024]
  0x000001867dc44fa0 GCTaskThread "GC Thread#4" [stack: 0x0000001b7a200000,0x0000001b7a300000] [id=7492]
  0x000001867dc45250 GCTaskThread "GC Thread#5" [stack: 0x0000001b7a300000,0x0000001b7a400000] [id=18980]
  0x000001867dc45d10 GCTaskThread "GC Thread#6" [stack: 0x0000001b7a400000,0x0000001b7a500000] [id=10748]
  0x000001867dc44a40 GCTaskThread "GC Thread#7" [stack: 0x0000001b7a500000,0x0000001b7a600000] [id=3328]

Threads with active compile tasks:
C2 CompilerThread0     6767 2283       4       org.objectweb.asm.ClassReader::readMethod (1066 bytes)
C2 CompilerThread1     6767 2284       4       org.objectweb.asm.ClassWriter::visitMethod (57 bytes)

VM state: not at safepoint (normal execution)

VM Mutex/Monitor currently owned by a thread:  ([mutex/lock_event])
[0x0000018664bb08d0] Metaspace_lock - owner thread: 0x000001867dd3d400

Heap address: 0x00000000c0000000, size: 1024 MB, Compressed Oops mode: 32-bit

CDS archive(s) not mapped
Compressed class space mapped at: 0x0000000100000000-0x0000000140000000, reserved size: 1073741824
Narrow klass base: 0x0000000000000000, Narrow klass shift: 3, Narrow klass range: 0x140000000

GC Precious Log:
 CPUs: 8 total, 8 available
 Memory: 16255M
 Large Page Support: Disabled
 NUMA Support: Disabled
 Compressed Oops: Enabled (32-bit)
 Alignments: Space 512K, Generation 512K, Heap 2M
 Heap Min Capacity: 100M
 Heap Initial Capacity: 100M
 Heap Max Capacity: 1G
 Pre-touch: Disabled
 Parallel Workers: 8

Heap:
 PSYoungGen      total 26112K, used 22599K [0x00000000eab00000, 0x00000000ec880000, 0x0000000100000000)
  eden space 25088K, 87% used [0x00000000eab00000,0x00000000ec07bbb8,0x00000000ec380000)
  from space 1024K, 58% used [0x00000000ec400000,0x00000000ec4960e0,0x00000000ec500000)
  to   space 2560K, 0% used [0x00000000ec600000,0x00000000ec600000,0x00000000ec880000)
 ParOldGen       total 68608K, used 6892K [0x00000000c0000000, 0x00000000c4300000, 0x00000000eab00000)
  object space 68608K, 10% used [0x00000000c0000000,0x00000000c06bb170,0x00000000c4300000)
 Metaspace       used 26999K, committed 27392K, reserved 1081344K
  class space    used 2584K, committed 2752K, reserved 1048576K

Card table byte_map: [0x0000018666710000,0x0000018666920000] _byte_map_base: 0x0000018666110000

Marking Bits: (ParMarkBitMap*) 0x00007ff9dd193e70
 Begin Bits: [0x00000186789c0000, 0x00000186799c0000)
 End Bits:   [0x00000186799c0000, 0x000001867a9c0000)

Polling page: 0x0000018666500000

Metaspace:

Usage:
  Non-class:     23.84 MB used.
      Class:      2.52 MB used.
       Both:     26.37 MB used.

Virtual space:
  Non-class space:       32.00 MB reserved,      24.06 MB ( 75%) committed,  4 nodes.
      Class space:        1.00 GB reserved,       2.69 MB ( <1%) committed,  1 nodes.
             Both:        1.03 GB reserved,      26.75 MB (  3%) committed. 

Chunk freelists:
   Non-Class:  3.64 MB
       Class:  1.09 MB
        Both:  4.73 MB

MaxMetaspaceSize: unlimited
CompressedClassSpaceSize: 1.00 GB
Initial GC threshold: 21.00 MB
Current GC threshold: 35.00 MB
CDS: off
MetaspaceReclaimPolicy: balanced
 - commit_granule_bytes: 65536.
 - commit_granule_words: 8192.
 - virtual_space_node_default_size: 1048576.
 - enlarge_chunks_in_place: 1.
 - new_chunks_are_fully_committed: 0.
 - uncommit_free_chunks: 1.
 - use_allocation_guard: 0.
 - handle_deallocations: 1.


Internal statistics:

num_allocs_failed_limit: 3.
num_arena_births: 196.
num_arena_deaths: 14.
num_vsnodes_births: 5.
num_vsnodes_deaths: 0.
num_space_committed: 428.
num_space_uncommitted: 0.
num_chunks_returned_to_freelist: 17.
num_chunks_taken_from_freelist: 893.
num_chunk_merges: 7.
num_chunk_splits: 597.
num_chunks_enlarged: 437.
num_purges: 2.
num_inconsistent_stats: 0.

CodeHeap 'non-profiled nmethods': size=120000Kb used=892Kb max_used=892Kb free=119107Kb
 bounds [0x0000018671490000, 0x0000018671700000, 0x00000186789c0000]
CodeHeap 'profiled nmethods': size=120000Kb used=4768Kb max_used=4768Kb free=115231Kb
 bounds [0x00000186699c0000, 0x0000018669e70000, 0x0000018670ef0000]
CodeHeap 'non-nmethods': size=5760Kb used=1232Kb max_used=1250Kb free=4527Kb
 bounds [0x0000018670ef0000, 0x0000018671160000, 0x0000018671490000]
 total_blobs=2883 nmethods=2341 adapters=456
 compilation: enabled
              stopped_count=0, restarted_count=0
 full_count=0

Compilation events (20 events):
Event: 6.669 Thread 0x000001867c688cb0 2320       3       java.lang.reflect.Field::<init> (50 bytes)
Event: 6.669 Thread 0x000001867c688cb0 nmethod 2320 0x0000018669e56890 code [0x0000018669e56a40, 0x0000018669e56c98]
Event: 6.669 Thread 0x000001867c688cb0 2321       3       java.lang.reflect.Field::copy (80 bytes)
Event: 6.670 Thread 0x000001867c688cb0 nmethod 2321 0x0000018669e56d90 code [0x0000018669e56f40, 0x0000018669e57278]
Event: 6.670 Thread 0x000001867c688cb0 2322       3       java.lang.reflect.Field::getFieldAccessor (35 bytes)
Event: 6.670 Thread 0x000001867c688cb0 nmethod 2322 0x0000018669e57390 code [0x0000018669e57540, 0x0000018669e57728]
Event: 6.671 Thread 0x000001867c688cb0 2323       3       java.lang.reflect.Field::checkAccess (32 bytes)
Event: 6.671 Thread 0x000001867c688cb0 nmethod 2323 0x0000018669e57810 code [0x0000018669e579c0, 0x0000018669e57c48]
Event: 6.671 Thread 0x000001867c688cb0 2324       3       java.lang.reflect.Field::acquireFieldAccessor (59 bytes)
Event: 6.672 Thread 0x000001867c688cb0 nmethod 2324 0x0000018669e57d90 code [0x0000018669e57f80, 0x0000018669e58498]
Event: 6.672 Thread 0x000001867c688cb0 2325       3       java.lang.reflect.Field::getFieldAccessor (16 bytes)
Event: 6.672 Thread 0x000001867c688cb0 nmethod 2325 0x0000018669e58610 code [0x0000018669e587a0, 0x0000018669e58918]
Event: 6.672 Thread 0x000001867c688cb0 2326       3       jdk.internal.reflect.ReflectionFactory::newFieldAccessor (83 bytes)
Event: 6.673 Thread 0x000001867c688cb0 nmethod 2326 0x0000018669e58990 code [0x0000018669e58b80, 0x0000018669e59178]
Event: 6.673 Thread 0x000001867c688cb0 2327       3       java.lang.reflect.Field::getRoot (5 bytes)
Event: 6.673 Thread 0x000001867c688cb0 nmethod 2327 0x0000018669e59410 code [0x0000018669e595a0, 0x0000018669e596b8]
Event: 6.673 Thread 0x000001867c688cb0 2328       3       jdk.internal.reflect.UnsafeFieldAccessorImpl::<init> (56 bytes)
Event: 6.674 Thread 0x000001867c688cb0 nmethod 2328 0x0000018669e59790 code [0x0000018669e599c0, 0x0000018669e5a158]
Event: 6.676 Thread 0x000001867f1c8930 2338       4       java.util.Properties$LineReader::readLine (584 bytes)
Event: 6.694 Thread 0x000001867c688cb0 2340       3       java.util.Properties::loadConvert (540 bytes)

GC Heap History (12 events):
Event: 2.609 GC heap before
{Heap before GC invocations=1 (full 0):
 PSYoungGen      total 29696K, used 25600K [0x00000000eab00000, 0x00000000ecc00000, 0x0000000100000000)
  eden space 25600K, 100% used [0x00000000eab00000,0x00000000ec400000,0x00000000ec400000)
  from space 4096K, 0% used [0x00000000ec800000,0x00000000ec800000,0x00000000ecc00000)
  to   space 4096K, 0% used [0x00000000ec400000,0x00000000ec400000,0x00000000ec800000)
 ParOldGen       total 68608K, used 0K [0x00000000c0000000, 0x00000000c4300000, 0x00000000eab00000)
  object space 68608K, 0% used [0x00000000c0000000,0x00000000c0000000,0x00000000c4300000)
 Metaspace       used 11113K, committed 11264K, reserved 1064960K
  class space    used 1106K, committed 1216K, reserved 1048576K
}
Event: 2.625 GC heap after
{Heap after GC invocations=1 (full 0):
 PSYoungGen      total 29696K, used 3303K [0x00000000eab00000, 0x00000000ecc00000, 0x0000000100000000)
  eden space 25600K, 0% used [0x00000000eab00000,0x00000000eab00000,0x00000000ec400000)
  from space 4096K, 80% used [0x00000000ec400000,0x00000000ec739f90,0x00000000ec800000)
  to   space 4096K, 0% used [0x00000000ec800000,0x00000000ec800000,0x00000000ecc00000)
 ParOldGen       total 68608K, used 8K [0x00000000c0000000, 0x00000000c4300000, 0x00000000eab00000)
  object space 68608K, 0% used [0x00000000c0000000,0x00000000c0002000,0x00000000c4300000)
 Metaspace       used 11113K, committed 11264K, reserved 1064960K
  class space    used 1106K, committed 1216K, reserved 1048576K
}
Event: 3.995 GC heap before
{Heap before GC invocations=2 (full 0):
 PSYoungGen      total 29696K, used 28903K [0x00000000eab00000, 0x00000000ecc00000, 0x0000000100000000)
  eden space 25600K, 100% used [0x00000000eab00000,0x00000000ec400000,0x00000000ec400000)
  from space 4096K, 80% used [0x00000000ec400000,0x00000000ec739f90,0x00000000ec800000)
  to   space 4096K, 0% used [0x00000000ec800000,0x00000000ec800000,0x00000000ecc00000)
 ParOldGen       total 68608K, used 8K [0x00000000c0000000, 0x00000000c4300000, 0x00000000eab00000)
  object space 68608K, 0% used [0x00000000c0000000,0x00000000c0002000,0x00000000c4300000)
 Metaspace       used 15399K, committed 15680K, reserved 1064960K
  class space    used 1566K, committed 1728K, reserved 1048576K
}
Event: 4.004 GC heap after
{Heap after GC invocations=2 (full 0):
 PSYoungGen      total 29696K, used 4093K [0x00000000eab00000, 0x00000000ecc00000, 0x0000000100000000)
  eden space 25600K, 0% used [0x00000000eab00000,0x00000000eab00000,0x00000000ec400000)
  from space 4096K, 99% used [0x00000000ec800000,0x00000000ecbff718,0x00000000ecc00000)
  to   space 4096K, 0% used [0x00000000ec400000,0x00000000ec400000,0x00000000ec800000)
 ParOldGen       total 68608K, used 839K [0x00000000c0000000, 0x00000000c4300000, 0x00000000eab00000)
  object space 68608K, 1% used [0x00000000c0000000,0x00000000c00d1ef8,0x00000000c4300000)
 Metaspace       used 15399K, committed 15680K, reserved 1064960K
  class space    used 1566K, committed 1728K, reserved 1048576K
}
Event: 5.328 GC heap before
{Heap before GC invocations=3 (full 0):
 PSYoungGen      total 29696K, used 29693K [0x00000000eab00000, 0x00000000ecc00000, 0x0000000100000000)
  eden space 25600K, 100% used [0x00000000eab00000,0x00000000ec400000,0x00000000ec400000)
  from space 4096K, 99% used [0x00000000ec800000,0x00000000ecbff718,0x00000000ecc00000)
  to   space 4096K, 0% used [0x00000000ec400000,0x00000000ec400000,0x00000000ec800000)
 ParOldGen       total 68608K, used 839K [0x00000000c0000000, 0x00000000c4300000, 0x00000000eab00000)
  object space 68608K, 1% used [0x00000000c0000000,0x00000000c00d1ef8,0x00000000c4300000)
 Metaspace       used 20473K, committed 20928K, reserved 1073152K
  class space    used 2076K, committed 2304K, reserved 1048576K
}
Event: 5.339 GC heap after
{Heap after GC invocations=3 (full 0):
 PSYoungGen      total 29696K, used 4085K [0x00000000eab00000, 0x00000000ecc00000, 0x0000000100000000)
  eden space 25600K, 0% used [0x00000000eab00000,0x00000000eab00000,0x00000000ec400000)
  from space 4096K, 99% used [0x00000000ec400000,0x00000000ec7fd528,0x00000000ec800000)
  to   space 4096K, 0% used [0x00000000ec800000,0x00000000ec800000,0x00000000ecc00000)
 ParOldGen       total 68608K, used 2826K [0x00000000c0000000, 0x00000000c4300000, 0x00000000eab00000)
  object space 68608K, 4% used [0x00000000c0000000,0x00000000c02c2b48,0x00000000c4300000)
 Metaspace       used 20473K, committed 20928K, reserved 1073152K
  class space    used 2076K, committed 2304K, reserved 1048576K
}
Event: 5.605 GC heap before
{Heap before GC invocations=4 (full 0):
 PSYoungGen      total 29696K, used 7525K [0x00000000eab00000, 0x00000000ecc00000, 0x0000000100000000)
  eden space 25600K, 13% used [0x00000000eab00000,0x00000000eae5bf98,0x00000000ec400000)
  from space 4096K, 99% used [0x00000000ec400000,0x00000000ec7fd528,0x00000000ec800000)
  to   space 4096K, 0% used [0x00000000ec800000,0x00000000ec800000,0x00000000ecc00000)
 ParOldGen       total 68608K, used 2826K [0x00000000c0000000, 0x00000000c4300000, 0x00000000eab00000)
  object space 68608K, 4% used [0x00000000c0000000,0x00000000c02c2b48,0x00000000c4300000)
 Metaspace       used 21044K, committed 21504K, reserved 1073152K
  class space    used 2144K, committed 2368K, reserved 1048576K
}
Event: 5.612 GC heap after
{Heap after GC invocations=4 (full 0):
 PSYoungGen      total 29696K, used 4085K [0x00000000eab00000, 0x00000000ecc00000, 0x0000000100000000)
  eden space 25600K, 0% used [0x00000000eab00000,0x00000000eab00000,0x00000000ec400000)
  from space 4096K, 99% used [0x00000000ec800000,0x00000000ecbfd528,0x00000000ecc00000)
  to   space 4096K, 0% used [0x00000000ec400000,0x00000000ec400000,0x00000000ec800000)
 ParOldGen       total 68608K, used 2962K [0x00000000c0000000, 0x00000000c4300000, 0x00000000eab00000)
  object space 68608K, 4% used [0x00000000c0000000,0x00000000c02e4b48,0x00000000c4300000)
 Metaspace       used 21044K, committed 21504K, reserved 1073152K
  class space    used 2144K, committed 2368K, reserved 1048576K
}
Event: 5.613 GC heap before
{Heap before GC invocations=5 (full 1):
 PSYoungGen      total 29696K, used 4085K [0x00000000eab00000, 0x00000000ecc00000, 0x0000000100000000)
  eden space 25600K, 0% used [0x00000000eab00000,0x00000000eab00000,0x00000000ec400000)
  from space 4096K, 99% used [0x00000000ec800000,0x00000000ecbfd528,0x00000000ecc00000)
  to   space 4096K, 0% used [0x00000000ec400000,0x00000000ec400000,0x00000000ec800000)
 ParOldGen       total 68608K, used 2962K [0x00000000c0000000, 0x00000000c4300000, 0x00000000eab00000)
  object space 68608K, 4% used [0x00000000c0000000,0x00000000c02e4b48,0x00000000c4300000)
 Metaspace       used 21044K, committed 21504K, reserved 1073152K
  class space    used 2144K, committed 2368K, reserved 1048576K
}
Event: 5.663 GC heap after
{Heap after GC invocations=5 (full 1):
 PSYoungGen      total 29696K, used 0K [0x00000000eab00000, 0x00000000ecc00000, 0x0000000100000000)
  eden space 25600K, 0% used [0x00000000eab00000,0x00000000eab00000,0x00000000ec400000)
  from space 4096K, 0% used [0x00000000ec800000,0x00000000ec800000,0x00000000ecc00000)
  to   space 4096K, 0% used [0x00000000ec400000,0x00000000ec400000,0x00000000ec800000)
 ParOldGen       total 68608K, used 6884K [0x00000000c0000000, 0x00000000c4300000, 0x00000000eab00000)
  object space 68608K, 10% used [0x00000000c0000000,0x00000000c06b9170,0x00000000c4300000)
 Metaspace       used 21031K, committed 21504K, reserved 1073152K
  class space    used 2141K, committed 2368K, reserved 1048576K
}
Event: 6.333 GC heap before
{Heap before GC invocations=6 (full 1):
 PSYoungGen      total 29696K, used 25600K [0x00000000eab00000, 0x00000000ecc00000, 0x0000000100000000)
  eden space 25600K, 100% used [0x00000000eab00000,0x00000000ec400000,0x00000000ec400000)
  from space 4096K, 0% used [0x00000000ec800000,0x00000000ec800000,0x00000000ecc00000)
  to   space 4096K, 0% used [0x00000000ec400000,0x00000000ec400000,0x00000000ec800000)
 ParOldGen       total 68608K, used 6884K [0x00000000c0000000, 0x00000000c4300000, 0x00000000eab00000)
  object space 68608K, 10% used [0x00000000c0000000,0x00000000c06b9170,0x00000000c4300000)
 Metaspace       used 24590K, committed 25088K, reserved 1073152K
  class space    used 2401K, committed 2624K, reserved 1048576K
}
Event: 6.335 GC heap after
{Heap after GC invocations=6 (full 1):
 PSYoungGen      total 26112K, used 600K [0x00000000eab00000, 0x00000000ec880000, 0x0000000100000000)
  eden space 25088K, 0% used [0x00000000eab00000,0x00000000eab00000,0x00000000ec380000)
  from space 1024K, 58% used [0x00000000ec400000,0x00000000ec4960e0,0x00000000ec500000)
  to   space 2560K, 0% used [0x00000000ec600000,0x00000000ec600000,0x00000000ec880000)
 ParOldGen       total 68608K, used 6892K [0x00000000c0000000, 0x00000000c4300000, 0x00000000eab00000)
  object space 68608K, 10% used [0x00000000c0000000,0x00000000c06bb170,0x00000000c4300000)
 Metaspace       used 24590K, committed 25088K, reserved 1073152K
  class space    used 2401K, committed 2624K, reserved 1048576K
}

Dll operation events (9 events):
Event: 0.017 Loaded shared library c:\Users\reymy\.vscode\extensions\redhat.java-1.16.0-win32-x64\jre\17.0.6-win32-x86_64\bin\java.dll
Event: 0.456 Loaded shared library c:\Users\reymy\.vscode\extensions\redhat.java-1.16.0-win32-x64\jre\17.0.6-win32-x86_64\bin\zip.dll
Event: 0.500 Loaded shared library C:\Users\reymy\.vscode\extensions\redhat.java-1.16.0-win32-x64\jre\17.0.6-win32-x86_64\bin\instrument.dll
Event: 0.536 Loaded shared library C:\Users\reymy\.vscode\extensions\redhat.java-1.16.0-win32-x64\jre\17.0.6-win32-x86_64\bin\net.dll
Event: 0.566 Loaded shared library C:\Users\reymy\.vscode\extensions\redhat.java-1.16.0-win32-x64\jre\17.0.6-win32-x86_64\bin\nio.dll
Event: 0.586 Loaded shared library C:\Users\reymy\.vscode\extensions\redhat.java-1.16.0-win32-x64\jre\17.0.6-win32-x86_64\bin\zip.dll
Event: 0.627 Loaded shared library C:\Users\reymy\.vscode\extensions\redhat.java-1.16.0-win32-x64\jre\17.0.6-win32-x86_64\bin\jimage.dll
Event: 0.791 Loaded shared library c:\Users\reymy\.vscode\extensions\redhat.java-1.16.0-win32-x64\jre\17.0.6-win32-x86_64\bin\verify.dll
Event: 3.519 Loaded shared library C:\Users\reymy\AppData\Roaming\Code\User\globalStorage\redhat.java\1.16.0\config_ss_win\org.eclipse.equinox.launcher\org.eclipse.equinox.launcher.win32.win32.x86_64_1.2.700.v20221108-1024\eclipse_11801.dll

Deoptimization events (20 events):
Event: 4.665 Thread 0x000001867dd3d400 DEOPT PACKING pc=0x00000186714b7ec8 sp=0x0000001b7a8f7dd0
Event: 4.665 Thread 0x000001867dd3d400 DEOPT UNPACKING pc=0x0000018670f466a3 sp=0x0000001b7a8f7d68 mode 2
Event: 4.909 Thread 0x000001867dd3d400 Uncommon trap: trap_request=0xffffff45 fr.pc=0x00000186714c4a4c relative=0x0000000000000c2c
Event: 4.909 Thread 0x000001867dd3d400 Uncommon trap: reason=unstable_if action=reinterpret pc=0x00000186714c4a4c method=lombok.patcher.PatchScript.classMatches(Ljava/lang/String;Ljava/util/Collection;)Z @ 25 c2
Event: 4.909 Thread 0x000001867dd3d400 DEOPT PACKING pc=0x00000186714c4a4c sp=0x0000001b7a8f6930
Event: 4.909 Thread 0x000001867dd3d400 DEOPT UNPACKING pc=0x0000018670f466a3 sp=0x0000001b7a8f68f0 mode 2
Event: 5.301 Thread 0x000001867dd3d400 Uncommon trap: trap_request=0xffffff45 fr.pc=0x0000018671519dc0 relative=0x0000000000000040
Event: 5.301 Thread 0x000001867dd3d400 Uncommon trap: reason=unstable_if action=reinterpret pc=0x0000018671519dc0 method=sun.nio.fs.WindowsPathParser.isSlash(C)Z @ 9 c2
Event: 5.301 Thread 0x000001867dd3d400 DEOPT PACKING pc=0x0000018671519dc0 sp=0x0000001b7a8f8d90
Event: 5.301 Thread 0x000001867dd3d400 DEOPT UNPACKING pc=0x0000018670f466a3 sp=0x0000001b7a8f8d18 mode 2
Event: 6.671 Thread 0x000001867dd3d400 DEOPT PACKING pc=0x0000018669a8e89e sp=0x0000001b7a8f7ac0
Event: 6.671 Thread 0x000001867dd3d400 DEOPT UNPACKING pc=0x0000018670f46e43 sp=0x0000001b7a8f6fb8 mode 0
Event: 6.673 Thread 0x000001867dd3d400 DEOPT PACKING pc=0x0000018669a8e89e sp=0x0000001b7a8f7ac0
Event: 6.673 Thread 0x000001867dd3d400 DEOPT UNPACKING pc=0x0000018670f46e43 sp=0x0000001b7a8f6fb8 mode 0
Event: 6.676 Thread 0x000001867dd3d400 Uncommon trap: trap_request=0xffffff45 fr.pc=0x0000018671555ecc relative=0x0000000000000f0c
Event: 6.676 Thread 0x000001867dd3d400 Uncommon trap: reason=unstable_if action=reinterpret pc=0x0000018671555ecc method=java.util.Properties.loadConvert([CIILjava/lang/StringBuilder;)Ljava/lang/String; @ 463 c2
Event: 6.676 Thread 0x000001867dd3d400 DEOPT PACKING pc=0x0000018671555ecc sp=0x0000001b7a8f7ae0
Event: 6.676 Thread 0x000001867dd3d400 DEOPT UNPACKING pc=0x0000018670f466a3 sp=0x0000001b7a8f7ad0 mode 2
Event: 6.676 Thread 0x000001867dd3d400 DEOPT PACKING pc=0x0000018669a8e89e sp=0x0000001b7a8f7ac0
Event: 6.676 Thread 0x000001867dd3d400 DEOPT UNPACKING pc=0x0000018670f46e43 sp=0x0000001b7a8f6fb8 mode 0

Classes unloaded (7 events):
Event: 5.620 Thread 0x000001867c640dc0 Unloading class 0x0000000100214400 'java/lang/invoke/LambdaForm$MH+0x0000000100214400'
Event: 5.620 Thread 0x000001867c640dc0 Unloading class 0x0000000100214000 'java/lang/invoke/LambdaForm$MH+0x0000000100214000'
Event: 5.620 Thread 0x000001867c640dc0 Unloading class 0x0000000100213c00 'java/lang/invoke/LambdaForm$MH+0x0000000100213c00'
Event: 5.620 Thread 0x000001867c640dc0 Unloading class 0x0000000100213400 'java/lang/invoke/LambdaForm$MH+0x0000000100213400'
Event: 5.620 Thread 0x000001867c640dc0 Unloading class 0x0000000100213000 'java/lang/invoke/LambdaForm$BMH+0x0000000100213000'
Event: 5.620 Thread 0x000001867c640dc0 Unloading class 0x0000000100212c00 'java/lang/invoke/LambdaForm$DMH+0x0000000100212c00'
Event: 5.620 Thread 0x000001867c640dc0 Unloading class 0x0000000100210000 'java/lang/invoke/LambdaForm$DMH+0x0000000100210000'

Classes redefined (0 events):
No events

Internal exceptions (20 events):
Event: 4.951 Thread 0x000001867dd3d400 Exception <a 'java/lang/NoSuchMethodError'{0x00000000ebd3f6a8}: 'void java.lang.invoke.DelegatingMethodHandle$Holder.delegate(java.lang.Object, java.lang.Object, int, java.lang.Object)'> (0x00000000ebd3f6a8) 
thrown [s\src\hotspot\share\interpreter\linkResolver.cpp, line 759]
Event: 4.952 Thread 0x000001867dd3d400 Exception <a 'java/lang/NoSuchMethodError'{0x00000000ebd43a90}: 'int java.lang.invoke.DirectMethodHandle$Holder.invokeSpecial(java.lang.Object, java.lang.Object, java.lang.Object)'> (0x00000000ebd43a90) 
thrown [s\src\hotspot\share\interpreter\linkResolver.cpp, line 759]
Event: 4.955 Thread 0x000001867dd3d400 Exception <a 'java/lang/NoSuchMethodError'{0x00000000ebd552e8}: 'int java.lang.invoke.DirectMethodHandle$Holder.invokeStatic(java.lang.Object, java.lang.Object, int)'> (0x00000000ebd552e8) 
thrown [s\src\hotspot\share\interpreter\linkResolver.cpp, line 759]
Event: 4.956 Thread 0x000001867dd3d400 Exception <a 'java/lang/NoSuchMethodError'{0x00000000ebd59710}: 'int java.lang.invoke.DirectMethodHandle$Holder.invokeSpecial(java.lang.Object, java.lang.Object, java.lang.Object, int)'> (0x00000000ebd59710) 
thrown [s\src\hotspot\share\interpreter\linkResolver.cpp, line 759]
Event: 4.959 Thread 0x000001867dd3d400 Exception <a 'java/lang/NoSuchMethodError'{0x00000000ebd751b0}: 'java.lang.Object java.lang.invoke.DirectMethodHandle$Holder.invokeStatic(java.lang.Object, java.lang.Object, java.lang.Object, java.lang.Object, int)'> (0x00000000ebd751b0) 
thrown [s\src\hotspot\share\interpreter\linkResolver.cpp, line 759]
Event: 4.961 Thread 0x000001867dd3d400 Exception <a 'java/lang/NoSuchMethodError'{0x00000000ebd811a8}: 'java.lang.Object java.lang.invoke.DelegatingMethodHandle$Holder.reinvoke_L(java.lang.Object, java.lang.Object, java.lang.Object, java.lang.Object, int, int)'> (0x00000000ebd811a8) 
thrown [s\src\hotspot\share\interpreter\linkResolver.cpp, line 759]
Event: 4.966 Thread 0x000001867dd3d400 Exception <a 'java/lang/NoSuchMethodError'{0x00000000ebd993a8}: 'java.lang.Object java.lang.invoke.Invokers$Holder.invokeExact_MT(java.lang.Object, java.lang.Object, java.lang.Object, java.lang.Object)'> (0x00000000ebd993a8) 
thrown [s\src\hotspot\share\interpreter\linkResolver.cpp, line 759]
Event: 5.219 Thread 0x000001867dd3d400 Exception <a 'java/lang/NoSuchMethodError'{0x00000000ec1d29a8}: 'java.lang.Object java.lang.invoke.DirectMethodHandle$Holder.newInvokeSpecial(java.lang.Object, java.lang.Object, java.lang.Object, java.lang.Object, java.lang.Object)'> (0x00000000ec1d29a8) 
thrown [s\src\hotspot\share\interpreter\linkResolver.cpp, line 759]
Event: 5.400 Thread 0x000001867dd3d400 Exception <a 'java/lang/NoSuchMethodError'{0x00000000eabc6d58}: 'java.lang.Object java.lang.invoke.DirectMethodHandle$Holder.invokeSpecial(java.lang.Object, java.lang.Object, java.lang.Object, long, java.lang.Object)'> (0x00000000eabc6d58) 
thrown [s\src\hotspot\share\interpreter\linkResolver.cpp, line 759]
Event: 5.401 Thread 0x000001867dd3d400 Exception <a 'java/lang/NoSuchMethodError'{0x00000000eabcef10}: 'java.lang.Object java.lang.invoke.DirectMethodHandle$Holder.newInvokeSpecial(java.lang.Object, java.lang.Object, java.lang.Object, long)'> (0x00000000eabcef10) 
thrown [s\src\hotspot\share\interpreter\linkResolver.cpp, line 759]
Event: 5.402 Thread 0x000001867dd3d400 Exception <a 'java/lang/NoSuchMethodError'{0x00000000eabd34b0}: 'java.lang.Object java.lang.invoke.DirectMethodHandle$Holder.invokeSpecial(java.lang.Object, java.lang.Object, java.lang.Object, java.lang.Object, long)'> (0x00000000eabd34b0) 
thrown [s\src\hotspot\share\interpreter\linkResolver.cpp, line 759]
Event: 5.490 Thread 0x000001867dd3d400 Exception <a 'java/lang/NoSuchMethodError'{0x00000000eac40870}: 'int java.lang.invoke.DirectMethodHandle$Holder.invokeStaticInit(java.lang.Object, java.lang.Object, java.lang.Object)'> (0x00000000eac40870) 
thrown [s\src\hotspot\share\interpreter\linkResolver.cpp, line 759]
Event: 5.504 Thread 0x000001867dd3d400 Exception <a 'java/lang/IncompatibleClassChangeError'{0x00000000ead0f998}: Found class java.lang.Object, but interface was expected> (0x00000000ead0f998) 
thrown [s\src\hotspot\share\interpreter\linkResolver.cpp, line 826]
Event: 5.521 Thread 0x000001867dd3d400 Exception <a 'java/lang/NoSuchMethodError'{0x00000000ead29658}: 'java.lang.Object java.lang.invoke.DirectMethodHandle$Holder.invokeSpecial(java.lang.Object, java.lang.Object, java.lang.Object, int, java.lang.Object, java.lang.Object)'> (0x00000000ead29658) 
thrown [s\src\hotspot\share\interpreter\linkResolver.cpp, line 759]
Event: 5.522 Thread 0x000001867dd3d400 Exception <a 'java/lang/NoSuchMethodError'{0x00000000ead31de0}: 'java.lang.Object java.lang.invoke.DirectMethodHandle$Holder.newInvokeSpecial(java.lang.Object, java.lang.Object, java.lang.Object, int, java.lang.Object)'> (0x00000000ead31de0) 
thrown [s\src\hotspot\share\interpreter\linkResolver.cpp, line 759]
Event: 5.523 Thread 0x000001867dd3d400 Exception <a 'java/lang/NoSuchMethodError'{0x00000000ead36238}: 'java.lang.Object java.lang.invoke.DirectMethodHandle$Holder.invokeSpecial(java.lang.Object, java.lang.Object, java.lang.Object, java.lang.Object, int, java.lang.Object)'> (0x00000000ead36238) 
thrown [s\src\hotspot\share\interpreter\linkResolver.cpp, line 759]
Event: 5.569 Thread 0x000001867ea40310 Exception <a 'java/lang/NoSuchMethodError'{0x00000000eac4d828}: 'java.lang.Object java.lang.invoke.DirectMethodHandle$Holder.invokeSpecial(java.lang.Object, java.lang.Object, int, java.lang.Object, java.lang.Object)'> (0x00000000eac4d828) 
thrown [s\src\hotspot\share\interpreter\linkResolver.cpp, line 759]
Event: 5.574 Thread 0x000001867ea40310 Exception <a 'java/lang/NoSuchMethodError'{0x00000000eac54ef8}: 'java.lang.Object java.lang.invoke.DirectMethodHandle$Holder.newInvokeSpecial(java.lang.Object, java.lang.Object, int, java.lang.Object)'> (0x00000000eac54ef8) 
thrown [s\src\hotspot\share\interpreter\linkResolver.cpp, line 759]
Event: 5.576 Thread 0x000001867ea40310 Exception <a 'java/lang/NoSuchMethodError'{0x00000000eac58a08}: 'java.lang.Object java.lang.invoke.DirectMethodHandle$Holder.invokeSpecial(java.lang.Object, java.lang.Object, java.lang.Object, int, java.lang.Object)'> (0x00000000eac58a08) 
thrown [s\src\hotspot\share\interpreter\linkResolver.cpp, line 759]
Event: 5.671 Thread 0x000001867ea40310 Exception <a 'java/io/FileNotFoundException'{0x00000000eabbe9a8}> (0x00000000eabbe9a8) 
thrown [s\src\hotspot\share\prims\jni.cpp, line 516]

VM Operations (20 events):
Event: 3.727 Executing VM operation: Cleanup
Event: 3.728 Executing VM operation: Cleanup done
Event: 3.995 Executing VM operation: ParallelGCFailedAllocation
Event: 4.004 Executing VM operation: ParallelGCFailedAllocation done
Event: 4.538 Executing VM operation: HandshakeAllThreads
Event: 4.538 Executing VM operation: HandshakeAllThreads done
Event: 4.666 Executing VM operation: HandshakeAllThreads
Event: 4.666 Executing VM operation: HandshakeAllThreads done
Event: 4.672 Executing VM operation: HandshakeAllThreads
Event: 4.672 Executing VM operation: HandshakeAllThreads done
Event: 4.948 Executing VM operation: HandshakeAllThreads
Event: 4.948 Executing VM operation: HandshakeAllThreads done
Event: 5.328 Executing VM operation: ParallelGCFailedAllocation
Event: 5.340 Executing VM operation: ParallelGCFailedAllocation done
Event: 5.590 Executing VM operation: HandshakeAllThreads
Event: 5.590 Executing VM operation: HandshakeAllThreads done
Event: 5.605 Executing VM operation: CollectForMetadataAllocation
Event: 5.663 Executing VM operation: CollectForMetadataAllocation done
Event: 6.333 Executing VM operation: ParallelGCFailedAllocation
Event: 6.335 Executing VM operation: ParallelGCFailedAllocation done

Events (20 events):
Event: 5.770 loading class java/util/zip/GZIPInputStream done
Event: 5.775 loading class java/net/SocketTimeoutException
Event: 5.776 loading class java/io/InterruptedIOException
Event: 5.776 loading class java/io/InterruptedIOException done
Event: 5.776 loading class java/net/SocketTimeoutException done
Event: 5.776 loading class java/net/SocketException
Event: 5.776 loading class java/net/SocketException done
Event: 5.776 loading class java/net/UnknownHostException
Event: 5.776 loading class java/net/UnknownHostException done
Event: 5.776 loading class java/net/ProtocolException
Event: 5.776 loading class java/net/ProtocolException done
Event: 5.835 loading class java/io/FileWriter
Event: 5.837 loading class java/io/FileWriter done
Event: 5.838 loading class java/lang/NegativeArraySizeException
Event: 5.838 loading class java/lang/NegativeArraySizeException done
Event: 5.911 Thread 0x000001867ec218b0 Thread added: 0x000001867ec218b0
Event: 6.096 Thread 0x000001867ec218b0 Thread exited: 0x000001867ec218b0
Event: 6.657 loading class org/w3c/dom/DOMException
Event: 6.657 loading class org/w3c/dom/DOMException done
Event: 6.674 Thread 0x000001867f1c8930 Thread added: 0x000001867f1c8930


Dynamic libraries:
0x00007ff65fc00000 - 0x00007ff65fc0e000 	c:\Users\reymy\.vscode\extensions\redhat.java-1.16.0-win32-x64\jre\17.0.6-win32-x86_64\bin\java.exe
0x00007ffa55e40000 - 0x00007ffa56049000 	C:\WINDOWS\SYSTEM32\ntdll.dll
0x00007ffa53cc0000 - 0x00007ffa53d7e000 	C:\WINDOWS\System32\KERNEL32.DLL
0x00007ffa534d0000 - 0x00007ffa5384b000 	C:\WINDOWS\System32\KERNELBASE.dll
0x00007ffa53310000 - 0x00007ffa53421000 	C:\WINDOWS\System32\ucrtbase.dll
0x00007ffa38e30000 - 0x00007ffa38e47000 	c:\Users\reymy\.vscode\extensions\redhat.java-1.16.0-win32-x64\jre\17.0.6-win32-x86_64\bin\jli.dll
0x00007ffa548a0000 - 0x00007ffa54a4d000 	C:\WINDOWS\System32\USER32.dll
0x00007ffa53a40000 - 0x00007ffa53a66000 	C:\WINDOWS\System32\win32u.dll
0x00007ffa30bb0000 - 0x00007ffa30bc9000 	c:\Users\reymy\.vscode\extensions\redhat.java-1.16.0-win32-x64\jre\17.0.6-win32-x86_64\bin\VCRUNTIME140.dll
0x00007ffa54530000 - 0x00007ffa54559000 	C:\WINDOWS\System32\GDI32.dll
0x00007ffa3bfd0000 - 0x00007ffa3c275000 	C:\WINDOWS\WinSxS\amd64_microsoft.windows.common-controls_6595b64144ccf1df_6.0.22000.120_none_9d947278b86cc467\COMCTL32.dll
0x00007ffa53ba0000 - 0x00007ffa53cb8000 	C:\WINDOWS\System32\gdi32full.dll
0x00007ffa55740000 - 0x00007ffa557e3000 	C:\WINDOWS\System32\msvcrt.dll
0x00007ffa53430000 - 0x00007ffa534cd000 	C:\WINDOWS\System32\msvcp_win.dll
0x00007ffa53fa0000 - 0x00007ffa53fd2000 	C:\WINDOWS\System32\IMM32.DLL
0x00007ffa40dc0000 - 0x00007ffa40dcc000 	c:\Users\reymy\.vscode\extensions\redhat.java-1.16.0-win32-x64\jre\17.0.6-win32-x86_64\bin\vcruntime140_1.dll
0x00007ffa085e0000 - 0x00007ffa08671000 	c:\Users\reymy\.vscode\extensions\redhat.java-1.16.0-win32-x64\jre\17.0.6-win32-x86_64\bin\msvcp140.dll
0x00007ff9dc610000 - 0x00007ff9dd257000 	c:\Users\reymy\.vscode\extensions\redhat.java-1.16.0-win32-x64\jre\17.0.6-win32-x86_64\bin\server\jvm.dll
0x00007ffa55690000 - 0x00007ffa5573e000 	C:\WINDOWS\System32\ADVAPI32.dll
0x00007ffa541f0000 - 0x00007ffa5428e000 	C:\WINDOWS\System32\sechost.dll
0x00007ffa540d0000 - 0x00007ffa541f0000 	C:\WINDOWS\System32\RPCRT4.dll
0x00007ffa2b310000 - 0x00007ffa2b319000 	C:\WINDOWS\SYSTEM32\WSOCK32.dll
0x00007ffa544c0000 - 0x00007ffa5452f000 	C:\WINDOWS\System32\WS2_32.dll
0x00007ffa4c9b0000 - 0x00007ffa4c9e3000 	C:\WINDOWS\SYSTEM32\WINMM.dll
0x00007ffa4cef0000 - 0x00007ffa4cefa000 	C:\WINDOWS\SYSTEM32\VERSION.dll
0x00007ffa52480000 - 0x00007ffa52498000 	C:\WINDOWS\SYSTEM32\kernel.appcore.dll
0x00007ffa40010000 - 0x00007ffa4001a000 	c:\Users\reymy\.vscode\extensions\redhat.java-1.16.0-win32-x64\jre\17.0.6-win32-x86_64\bin\jimage.dll
0x00007ffa4e440000 - 0x00007ffa4e661000 	C:\WINDOWS\SYSTEM32\DBGHELP.DLL
0x00007ffa49f80000 - 0x00007ffa49fb1000 	C:\WINDOWS\SYSTEM32\dbgcore.DLL
0x00007ffa53850000 - 0x00007ffa538cf000 	C:\WINDOWS\System32\bcryptPrimitives.dll
0x00007ffa3fa40000 - 0x00007ffa3fa4e000 	c:\Users\reymy\.vscode\extensions\redhat.java-1.16.0-win32-x64\jre\17.0.6-win32-x86_64\bin\instrument.dll
0x00007ffa301e0000 - 0x00007ffa30205000 	c:\Users\reymy\.vscode\extensions\redhat.java-1.16.0-win32-x64\jre\17.0.6-win32-x86_64\bin\java.dll
0x00007ffa301c0000 - 0x00007ffa301d8000 	c:\Users\reymy\.vscode\extensions\redhat.java-1.16.0-win32-x64\jre\17.0.6-win32-x86_64\bin\zip.dll
0x00007ffa54a60000 - 0x00007ffa55217000 	C:\WINDOWS\System32\SHELL32.dll
0x00007ffa51410000 - 0x00007ffa51c75000 	C:\WINDOWS\SYSTEM32\windows.storage.dll
0x00007ffa55310000 - 0x00007ffa55688000 	C:\WINDOWS\System32\combase.dll
0x00007ffa512a0000 - 0x00007ffa51406000 	C:\WINDOWS\SYSTEM32\wintypes.dll
0x00007ffa54640000 - 0x00007ffa5472a000 	C:\WINDOWS\System32\SHCORE.dll
0x00007ffa53fe0000 - 0x00007ffa5403d000 	C:\WINDOWS\System32\shlwapi.dll
0x00007ffa53240000 - 0x00007ffa53261000 	C:\WINDOWS\SYSTEM32\profapi.dll
0x00007ffa301a0000 - 0x00007ffa301b9000 	C:\Users\reymy\.vscode\extensions\redhat.java-1.16.0-win32-x64\jre\17.0.6-win32-x86_64\bin\net.dll
0x00007ffa4cbe0000 - 0x00007ffa4ccf4000 	C:\WINDOWS\SYSTEM32\WINHTTP.dll
0x00007ffa52920000 - 0x00007ffa52987000 	C:\WINDOWS\system32\mswsock.dll
0x00007ffa2fc10000 - 0x00007ffa2fc25000 	C:\Users\reymy\.vscode\extensions\redhat.java-1.16.0-win32-x64\jre\17.0.6-win32-x86_64\bin\nio.dll
0x00007ffa3e3a0000 - 0x00007ffa3e3b0000 	c:\Users\reymy\.vscode\extensions\redhat.java-1.16.0-win32-x64\jre\17.0.6-win32-x86_64\bin\verify.dll
0x00007ffa2b4b0000 - 0x00007ffa2b4ee000 	C:\Users\reymy\AppData\Roaming\Code\User\globalStorage\redhat.java\1.16.0\config_ss_win\org.eclipse.equinox.launcher\org.eclipse.equinox.launcher.win32.win32.x86_64_1.2.700.v20221108-1024\eclipse_11801.dll
0x00007ffa557f0000 - 0x00007ffa5598a000 	C:\WINDOWS\System32\ole32.dll

dbghelp: loaded successfully - version: 4.0.5 - missing functions: none
symbol engine: initialized successfully - sym options: 0x614 - pdb path: .;c:\Users\reymy\.vscode\extensions\redhat.java-1.16.0-win32-x64\jre\17.0.6-win32-x86_64\bin;C:\WINDOWS\SYSTEM32;C:\WINDOWS\WinSxS\amd64_microsoft.windows.common-controls_6595b64144ccf1df_6.0.22000.120_none_9d947278b86cc467;c:\Users\reymy\.vscode\extensions\redhat.java-1.16.0-win32-x64\jre\17.0.6-win32-x86_64\bin\server;C:\Users\reymy\AppData\Roaming\Code\User\globalStorage\redhat.java\1.16.0\config_ss_win\org.eclipse.equinox.launcher\org.eclipse.equinox.launcher.win32.win32.x86_64_1.2.700.v20221108-1024

VM Arguments:
jvm_args: --add-modules=ALL-SYSTEM --add-opens=java.base/java.util=ALL-UNNAMED --add-opens=java.base/java.lang=ALL-UNNAMED --add-opens=java.base/sun.nio.fs=ALL-UNNAMED -Declipse.application=org.eclipse.jdt.ls.core.id1 -Dosgi.bundles.defaultStartLevel=4 -Declipse.product=org.eclipse.jdt.ls.core.product -Djava.import.generatesMetadataFilesAtProjectRoot=false -Dfile.encoding=utf8 -XX:+UseParallelGC -XX:GCTimeRatio=4 -XX:AdaptiveSizePolicyWeight=90 -Dsun.zip.disableMemoryMapping=true -Xmx1G -Xms100m -Xlog:disable -javaagent:c:\Users\reymy\.vscode\extensions\redhat.java-1.16.0-win32-x64\lombok\lombok-1.18.24.jar 
java_command: c:\Users\reymy\.vscode\extensions\redhat.java-1.16.0-win32-x64\server\plugins\org.eclipse.equinox.launcher_1.6.400.v20210924-0641.jar -configuration c:\Users\reymy\AppData\Roaming\Code\User\globalStorage\redhat.java\1.16.0\config_ss_win -data c:\Users\reymy\AppData\Roaming\Code\User\workspaceStorage\9c20e6c94428f24b6a4ffd469f21ce1a\redhat.java\ss_ws
java_class_path (initial): c:\Users\reymy\.vscode\extensions\redhat.java-1.16.0-win32-x64\server\plugins\org.eclipse.equinox.launcher_1.6.400.v20210924-0641.jar
Launcher Type: SUN_STANDARD

[Global flags]
    uintx AdaptiveSizePolicyWeight                 = 90                                        {product} {command line}
     intx CICompilerCount                          = 4                                         {product} {ergonomic}
    uintx GCTimeRatio                              = 4                                         {product} {command line}
   size_t InitialHeapSize                          = 104857600                                 {product} {command line}
   size_t MaxHeapSize                              = 1073741824                                {product} {command line}
   size_t MaxNewSize                               = 357564416                                 {product} {ergonomic}
   size_t MinHeapDeltaBytes                        = 524288                                    {product} {ergonomic}
   size_t MinHeapSize                              = 104857600                                 {product} {command line}
   size_t NewSize                                  = 34603008                                  {product} {ergonomic}
    uintx NonNMethodCodeHeapSize                   = 5839372                                {pd product} {ergonomic}
    uintx NonProfiledCodeHeapSize                  = 122909434                              {pd product} {ergonomic}
   size_t OldSize                                  = 70254592                                  {product} {ergonomic}
    uintx ProfiledCodeHeapSize                     = 122909434                              {pd product} {ergonomic}
    uintx ReservedCodeCacheSize                    = 251658240                              {pd product} {ergonomic}
     bool SegmentedCodeCache                       = true                                      {product} {ergonomic}
   size_t SoftMaxHeapSize                          = 1073741824                             {manageable} {ergonomic}
     bool UseCompressedClassPointers               = true                           {product lp64_product} {ergonomic}
     bool UseCompressedOops                        = true                           {product lp64_product} {ergonomic}
     bool UseLargePagesIndividualAllocation        = false                                  {pd product} {ergonomic}
     bool UseParallelGC                            = true                                      {product} {command line}

Logging:
Log output configuration:
 #0: stdout all=off uptime,level,tags
 #1: stderr all=off uptime,level,tags

Environment Variables:
PATH=C:\app\reymy\product\18.0.0\dbhomeXE\bin;C:\Program Files (x86)\Common Files\Oracle\Java\javapath;C:\Windows\system32;C:\Windows;C:\Windows\System32\Wbem;C:\Windows\System32\WindowsPowerShell\v1.0\;C:\Windows\System32\OpenSSH\;C:\Program Files (x86)\NVIDIA Corporation\PhysX\Common;C:\Program Files\NVIDIA Corporation\NVIDIA NvDLISR;C:\Program Files\Java\jdk-13.0.2\bin;D:\bin;C:\WINDOWS\system32;C:\WINDOWS;C:\WINDOWS\System32\Wbem;C:\WINDOWS\System32\WindowsPowerShell\v1.0\;C:\WINDOWS\System32\OpenSSH\;C:\Program Files\Git\cmd;C:\ProgramData\chocolatey\bin;C:\Users\reymy\AppData\Roaming\nvm;C:\Program Files\nodejs;C:\Program Files\nodejs\;C:\Gradle\gradle-8.0\bin;D:\Gradle\gradle-8.0\bin;C:\Users\reymy\AppData\Local\Microsoft\WindowsApps;C:\Users\reymy\AppData\Local\atom\bin;C:\Users\reymy\AppData\Local\Programs\Microsoft VS Code\bin;C:\Users\reymy\AppData\Local\GitHubDesktop\bin;C:\Users\reymy\AppData\Local\Microsoft\WindowsApps;C:\Program Files\heroku\bin;C:\Users\reymy\AppData\Roaming\nvm;C:\Program Files\nodejs;C:\Users\reymy\AppData\Roaming\npm
USERNAME=reymy
OS=Windows_NT
PROCESSOR_IDENTIFIER=Intel64 Family 6 Model 142 Stepping 12, GenuineIntel
TMP=C:\Users\reymy\AppData\Local\Temp
TEMP=C:\Users\reymy\AppData\Local\Temp



---------------  S Y S T E M  ---------------

OS:
 Windows 11 , 64 bit Build 22000 (10.0.22000.1335)
OS uptime: 35 days 3:08 hours

CPU: total 8 (initial active 8) (4 cores per cpu, 2 threads per core) family 6 model 142 stepping 12 microcode 0xf0, cx8, cmov, fxsr, ht, mmx, 3dnowpref, sse, sse2, sse3, ssse3, sse4.1, sse4.2, popcnt, lzcnt, tsc, tscinvbit, avx, avx2, aes, erms, clmul, bmi1, bmi2, adx, fma, vzeroupper, clflush, clflushopt

Memory: 4k page, system-wide physical 16255M (2035M free)
TotalPageFile size 25662M (AvailPageFile size 0M)
current process WorkingSet (physical memory assigned to process): 123M, peak: 123M
current process commit charge ("private bytes"): 230M, peak: 230M

vm_info: OpenJDK 64-Bit Server VM (17.0.6+10) for windows-amd64 JRE (17.0.6+10), built on Jan 18 2023 10:08:59 by "temurin" with MS VC++ 16.7 (VS2019)

END.
